climate change total composed model
RMSE: [0.02625836 0.03761738 0.09938544 0.03650583 0.03028849 0.01998115
 0.02464858 0.03850146 0.0305723  0.06320608 0.06895126 0.0634511
 0.0229603  0.05202622 0.10094073 0.05311899 0.05021613 0.01844196
 0.05827413 0.07561504 0.03792007 0.09934559 0.03222173 0.02083043
 0.05259026 0.03326161 0.03517213 0.04694088 0.0448818  0.02458297
 0.01784141 0.12046972 0.01991907 0.05432698 0.08655167 0.04721108
 0.04895517 0.04835818 0.03612161 0.03981094 0.11699628 0.0158831
 0.03481066 0.07829956 0.01861961 0.02035207 0.03912576 0.02508973
 0.02342197 0.03605439 0.05082928 0.06854077 0.01704422 0.02299324
 0.06389525 0.02158016 0.0205534  0.05688294 0.01803086 0.03504129
 0.02282506 0.03638741 0.02417955 0.02607436 0.12370097 0.01738239
 0.06468205 0.02021037 0.08376058 0.03846999 0.07694199 0.03328886
 0.01795391 0.04435646 0.0252777  0.02938482 0.02315057 0.05111362
 0.03059251 0.02934053 0.02342197 0.02337525 0.02158857 0.03678659
 0.02859783 0.05000349 0.04970839 0.01738454 0.10593999 0.02958554
 0.07961824 0.02674073 0.03248493 0.01846222 0.02559179 0.03279079
 0.02520809 0.02752039 0.01685647 0.02316454 0.02785257 0.02467251
 0.03924153 0.01170808 0.01582354 0.08322973 0.04593385 0.05760947
 0.06411023 0.03234756 0.105202   0.02406232 0.01746474 0.03905232
 0.04656059 0.03321716 0.05333105 0.02981731 0.03962489 0.01785748
 0.04314404 0.08674058 0.01918551 0.02431194 0.0388308  0.15891586
 0.03009082 0.09193233 0.05836187 0.02948183 0.01422884 0.03361615
 0.05302243 0.01493542 0.02959544 0.02033152]
NRMSE: [0.0626689  0.08977863 0.23719594 0.08712577 0.07228731 0.04768755
 0.05882696 0.09188861 0.07296466 0.15084932 0.16456091 0.15143409
 0.05479767 0.12416715 0.24090783 0.12677519 0.11984715 0.04401407
 0.13907858 0.18046487 0.09050104 0.23710083 0.07690123 0.04971447
 0.12551331 0.07938305 0.08394274 0.11203035 0.10711609 0.05867038
 0.04258079 0.28751623 0.04753937 0.12965821 0.2065665  0.11267523
 0.11683771 0.11541292 0.08620878 0.09501384 0.27922643 0.03790703
 0.08308004 0.18687181 0.04443805 0.04857278 0.09337858 0.05987983
 0.05589949 0.08604838 0.12131052 0.16358123 0.04067818 0.05487627
 0.1524941  0.05150379 0.0490533  0.13575834 0.04303293 0.08363048
 0.05447488 0.08684317 0.05770756 0.06222976 0.29522801 0.04148527
 0.15437191 0.04823461 0.19990522 0.0918135  0.18363179 0.07944809
 0.04284928 0.10586232 0.06032843 0.0701306  0.05525177 0.12198912
 0.0730129  0.07002489 0.05589949 0.055788   0.05152387 0.08779585
 0.06825235 0.11933965 0.11863535 0.04149041 0.25283921 0.07060965
 0.190019   0.06382013 0.0775294  0.04406242 0.06107805 0.07825938
 0.0601623  0.06568089 0.04023011 0.05528511 0.06647369 0.05888407
 0.09365489 0.02794282 0.03776487 0.19863828 0.10962695 0.13749228
 0.15300717 0.07720154 0.2510779  0.05742777 0.04168181 0.09320331
 0.11112274 0.07927696 0.1272813  0.07116279 0.09456981 0.04261915
 0.1029687  0.20701738 0.04578864 0.05802352 0.09267462 0.37927281
 0.07181556 0.21940814 0.13928799 0.07036212 0.03395894 0.0802292
 0.12654474 0.03564527 0.07063325 0.04852375]
SMAPE: [ 2.20586977  3.32223132 12.08784459  3.20658481  2.44697223  1.89944892
  1.98009337  3.47920356  2.78068634  6.13483748  6.08913911  7.71406837
  1.90467721  4.21540487 11.40441249  5.26708899  4.99184898  1.40897351
  5.02285421  7.05818906  3.81771231  9.01732703  2.85142827  1.78307801
  4.95343006  2.91064156  3.50430784  4.70316711  3.97989485  1.70675361
  1.29930055 12.74021488  1.74774064  5.36450837  9.13339323  4.89367874
  5.92250347  4.8549162   2.97886383  3.09777863 12.65521506  1.38955285
  2.96556594  9.03317829  1.34884369  1.54575495  4.06099373  2.35910899
  1.99942487  3.49396555  5.28998256  7.20784824  1.65184119  1.81378976
  6.84562161  1.6179775   2.05213861  6.12795516  1.60691336  2.42070699
  2.12434959  3.58668083  2.19860775  1.96202098  9.06996017  1.49962068
  5.99621875  1.72390535  6.70112948  3.63532576  6.82729924  3.66421392
  1.54324533  3.705428    3.01164457  2.80453522  2.01079377  5.08426595
  2.80299092  2.55494577  1.99942487  2.46098832  1.79714186  3.01687116
  2.40778308  5.95234313  4.57690445  1.68121896 11.58402999  2.35655735
  9.75287438  2.43902846  2.72068487  1.46924083  2.35887311  3.17576366
  2.37147473  2.37443438  1.47556409  1.94336315  2.64800695  1.98493615
  3.67080621  0.99923632  1.390308    9.49347791  4.51625387  5.83855636
  7.30617673  2.88546834 12.00912637  2.45314744  1.54619261  3.81796069
  4.40097011  2.84884265  4.85034737  2.84533853  3.58311604  1.83781158
  4.93416014  8.94077813  1.59250137  2.08093463  4.30730357 11.17772862
  2.65050928 11.48800268  5.25871071  2.94825793  1.27027556  2.91937085
  5.76809599  1.04957042  3.3132101   1.76821725]