Climate change composed model
RMSE: [0.02298818 0.03787839 0.09273883 0.03344918 0.02765208 0.01953842
 0.02269642 0.03810133 0.02698684 0.0611002  0.06274401 0.05736081
 0.01965522 0.04820013 0.0892969  0.04837895 0.0478303  0.01945251
 0.05495812 0.07233515 0.04025912 0.09744698 0.03257233 0.01900163
 0.04913425 0.03069137 0.02971217 0.04300332 0.04334703 0.02311955
 0.01813893 0.10997546 0.01924743 0.05174172 0.07539966 0.04279922
 0.04265479 0.04794195 0.03157356 0.03417946 0.10560518 0.01680771
 0.0319814  0.07501955 0.01904865 0.02012797 0.03499254 0.02664972
 0.02311157 0.03337777 0.04563089 0.06813212 0.01642611 0.0188692
 0.06155459 0.01795763 0.01737928 0.04857243 0.01740378 0.03364623
 0.02053165 0.03268876 0.0246563  0.02525038 0.11010105 0.01397767
 0.06188458 0.02096148 0.08182389 0.03406831 0.07593043 0.03172971
 0.01793731 0.04268016 0.02398061 0.02692673 0.02098644 0.04726638
 0.03262074 0.02703225 0.02311157 0.02398955 0.0203092  0.03276513
 0.02934924 0.04398611 0.04885222 0.01640321 0.10228738 0.02784291
 0.07585902 0.02895964 0.03387277 0.02088686 0.02898877 0.0301285
 0.02488625 0.02491852 0.01590115 0.01988338 0.02489765 0.02152096
 0.03538295 0.01315322 0.01514984 0.07677033 0.04458619 0.05958773
 0.05567721 0.03303671 0.10007986 0.02047973 0.01664538 0.03906302
 0.04329605 0.03116607 0.0456168  0.02441198 0.03696321 0.01766066
 0.04040397 0.08163184 0.02312346 0.01998355 0.03254848 0.15533505
 0.03048936 0.08675908 0.05717703 0.02744719 0.01450549 0.03041448
 0.05535789 0.01283271 0.02526694 0.01685469]
NRMSE: [0.0613275  0.10105138 0.2474072  0.08923521 0.07376979 0.0521243
 0.06054915 0.10164614 0.07199508 0.16300218 0.16738749 0.15302627
 0.0524359  0.12858757 0.23822487 0.12906462 0.12760094 0.05189512
 0.14661642 0.19297458 0.10740264 0.25996755 0.08689595 0.05069225
 0.13107959 0.08187797 0.07926565 0.11472358 0.11564052 0.06167799
 0.04839074 0.29339082 0.05134799 0.13803574 0.20115005 0.11417909
 0.11379379 0.12789878 0.08423146 0.09118342 0.28173184 0.04483934
 0.08531949 0.20013599 0.0508177  0.05369708 0.09335254 0.0710957
 0.0616567  0.08904469 0.12173339 0.1817618  0.04382133 0.05033895
 0.16421438 0.04790709 0.04636417 0.12958077 0.04642953 0.08976089
 0.054774   0.08720657 0.06577769 0.06736257 0.29372587 0.0372894
 0.16509473 0.0559207  0.21828851 0.0908869  0.20256601 0.08464802
 0.04785287 0.11386147 0.06397509 0.0718347  0.0559873  0.12609652
 0.0870251  0.07211621 0.0616567  0.06399895 0.05418056 0.08741029
 0.07829744 0.11734547 0.13032718 0.04376023 0.27288068 0.07427889
 0.20237551 0.07725807 0.09036525 0.05572164 0.0773358  0.08037634
 0.06639115 0.06647724 0.04242085 0.05304457 0.06642156 0.05741329
 0.09439409 0.03508995 0.04041651 0.2048067  0.11894634 0.15896722
 0.14853481 0.08813483 0.2669915  0.05463551 0.04440628 0.10421171
 0.11550453 0.08314435 0.12169579 0.0651259  0.09860987 0.04711483
 0.10778909 0.21777615 0.0616884  0.0533118  0.08683233 0.41440044
 0.08133905 0.23145452 0.15253598 0.07322318 0.03869753 0.08113927
 0.14768292 0.0342349  0.06740675 0.04496468]
SMAPE: [ 2.05956565  3.56824505 11.67650909  3.20118032  2.3179127   1.92078729
  1.80763516  3.59643127  2.58332392  6.07585423  5.76768604  7.17600137
  1.66884067  3.97431323 10.90780134  5.10466408  4.78168083  1.62465483
  4.98873504  7.0139949   4.33037969  9.3180702   3.02446899  1.55479431
  5.07275662  2.87634958  3.05461954  4.52008922  4.02377882  1.77951389
  1.4151189  12.17249455  1.91724615  5.53658686  8.12215537  4.44471893
  5.66607049  5.30896536  2.76567074  2.70933045 11.97658951  1.54802342
  2.73595219  9.06421719  1.49346428  1.61209025  3.7474627   2.65859654
  2.13315638  3.38793199  4.99811767  7.5553795   1.6516432   1.49325487
  6.50426884  1.51598838  1.79506881  5.55313634  1.66554683  2.45128641
  1.93367096  3.41259602  2.38073945  1.92519645  8.80003646  1.20739286
  5.96245435  1.90735648  6.81240051  3.51678174  6.93961965  3.67775305
  1.49636865  3.84072421  2.89093737  2.77225262  1.94841564  4.92898309
  3.06431289  2.43449733  2.13315638  2.65026645  1.87212324  2.73143749
  2.5954016   5.60592975  4.73529044  1.61306833 11.86947179  2.28855479
  9.75526261  2.78400988  2.94794905  1.7432967   2.75114932  3.03529268
  2.48731142  2.1459128   1.42687085  1.80922825  2.42493511  1.74008294
  3.54233409  1.20217014  1.40632348  9.45245887  4.61704417  6.45044975
  6.56890572  3.06765158 11.93088711  2.0762399   1.50263543  3.9296882
  4.27393713  2.79411119  4.07409629  2.3966468   3.56595813  1.76463722
  4.80644001  8.88912136  2.05335874  1.81873611  3.71278574 11.5102245
  2.91885417 11.32743176  5.41278583  2.88065379  1.40029914  2.63393752
  6.29247014  0.98572308  2.8371832   1.52912437]