Particulate Matter composed model
RMSE: [2.19608156e-10 3.26248558e-10 1.37632082e-09 8.04303395e-10
 2.97259978e-10 1.36695545e-10 2.31677760e-10 4.48681051e-10
 4.17940279e-10 3.46794230e-10 5.76906764e-10 1.11022965e-09
 2.73269401e-10 7.32679343e-10 1.26479814e-09 9.09047786e-10
 2.64564523e-10 3.79178508e-10 4.48031603e-10 5.70349823e-10
 3.32029516e-10 6.89773064e-10 3.91607573e-10 4.60513007e-10
 3.61329127e-10 3.44289804e-10 5.77469298e-10 2.97711623e-10
 2.91612614e-10 3.87397856e-10 2.20181902e-10 1.10570867e-09
 1.59231000e-10 7.70065339e-10 4.62101337e-10 3.98273735e-10
 7.83565518e-10 2.51412934e-10 2.31322691e-10 3.82327489e-10
 1.00819061e-09 1.96434091e-10 3.55143217e-10 6.18656648e-10
 2.27785295e-10 2.06706681e-10 3.69560629e-10 1.93415597e-10
 3.50270329e-10 4.14302731e-10 9.65681273e-10 5.28515243e-10
 1.43172162e-10 2.94250775e-10 7.82921851e-10 3.89458934e-10
 1.35187757e-10 2.60145819e-10 2.83652133e-10 3.72291621e-10
 1.19849995e-10 5.28066892e-10 2.87440505e-10 2.33387379e-10
 1.19562751e-09 2.96828290e-10 4.23537162e-10 2.16222036e-10
 3.50317383e-10 2.94994844e-10 7.25680103e-10 2.15769257e-10
 2.45935350e-10 5.58226660e-10 1.89423090e-10 3.52512589e-10
 3.63450586e-10 1.92224849e-10 4.18875467e-10 1.60613676e-10
 3.50270329e-10 1.21809056e-10 1.96686335e-10 2.25317794e-10
 2.35992100e-10 7.23703782e-10 7.21843757e-10 1.15804194e-10
 2.31720759e-10 2.55352834e-10 4.44889745e-10 5.22388513e-10
 3.09902787e-10 3.41192234e-10 4.01956106e-10 3.94150154e-10
 3.49065272e-10 5.08431520e-10 3.69597782e-10 2.61457313e-10
 2.85727285e-10 3.46403609e-10 2.98019061e-10 1.76022608e-10
 2.38989040e-10 8.50126004e-10 7.42123682e-10 1.89306236e-10
 1.12840202e-09 2.86787005e-10 9.28298156e-10 2.63969512e-10
 2.73153162e-10 6.64168424e-10 4.85740339e-10 3.70863889e-10
 8.74815513e-10 3.10156323e-10 8.19060182e-10 1.86204162e-10
 5.76936881e-10 7.07529949e-10 3.27420428e-10 4.12104996e-10
 4.34404689e-10 7.45858533e-10 3.94907712e-10 8.67111486e-10
 4.91504326e-10 2.25619858e-10 2.75066981e-10 5.05630861e-10
 2.76893685e-10 2.95301889e-10 3.82325363e-10 1.74833100e-10]
NRMSE: [0.04020332 0.05972582 0.25196091 0.14724257 0.05441892 0.02502464
 0.04241289 0.08213934 0.07651168 0.06348708 0.10561342 0.20324801
 0.050027   0.13413047 0.23154463 0.16641796 0.04843342 0.06941562
 0.08202045 0.10441305 0.06078413 0.12627568 0.07169099 0.0843054
 0.06614796 0.0630286  0.10571641 0.0545016  0.05338507 0.07092032
 0.04030836 0.20242036 0.02915017 0.14097466 0.08459617 0.07291135
 0.14344612 0.04602577 0.04234789 0.0699921  0.18456789 0.03596088
 0.06501552 0.11325651 0.0417003  0.03784147 0.06765489 0.03540829
 0.06412344 0.07584576 0.17678577 0.09675446 0.0262103  0.05386803
 0.14332828 0.07129764 0.02474861 0.04762449 0.05192775 0.06815485
 0.02194075 0.09667238 0.05262129 0.04272586 0.21888167 0.05433989
 0.07753629 0.03958343 0.06413206 0.05400425 0.13284913 0.03950054
 0.045023   0.10219369 0.03467739 0.06453393 0.06653633 0.0351903
 0.07668288 0.0294033  0.06412344 0.02229939 0.03600706 0.04124858
 0.04320271 0.13248733 0.13214681 0.02120009 0.04242076 0.04674705
 0.08144527 0.09563285 0.05673342 0.06246153 0.07358548 0.07215646
 0.06390284 0.09307777 0.06766169 0.04786458 0.05230765 0.06341557
 0.05455789 0.03222418 0.04375135 0.15563124 0.13585943 0.034656
 0.2065748  0.05250165 0.1699421  0.04832449 0.05000572 0.12158828
 0.08892373 0.06789348 0.16015111 0.05677984 0.14994407 0.03408811
 0.10561894 0.12952641 0.05994035 0.07544342 0.07952579 0.13654316
 0.07229514 0.15874075 0.08997893 0.04130388 0.05035608 0.09256505
 0.0506905  0.05406046 0.06999171 0.03200642]
SMAPE: [ 1.44988395  2.00841891 13.53253504  6.93191846  2.17142373  1.75203893
  2.31826921  5.04840129  3.30615508  3.8617478   3.82838753 12.3527342
  1.73241708  4.06505641 13.44295195 10.59824547  2.6877054   4.22217243
  4.28275458  5.50571302  2.95363267  5.21766296  4.26495476  4.20500437
  3.01207644  2.35284734  5.79982639  2.81632315  2.39398472  4.87285601
  1.45820183  9.82548632  2.12322654  6.29219272  5.7012606   3.73473518
  8.07211988  2.12225674  1.72099402  2.81578387  8.90402242  2.60100599
  2.60745266  8.12371257  3.05735975  1.44469937  3.45548314  2.71752712
  3.24904638  3.31269421 12.11770882  4.03795175  1.11946992  2.88639649
  8.29097625  2.61245479  1.3760704   2.30331004  2.72911499  2.83447069
  1.29903858  5.21000936  3.34715986  2.03511692  8.01321253  3.05835817
  3.71599363  1.73155832  3.23801544  3.07839635  4.29328548  1.80972111
  2.6552977   4.20313782  2.02032358  3.91549557  2.98357895  1.87796956
  3.66179313  1.59915707  3.24904638  1.47547148  2.01315967  1.77414973
  2.07546758  5.04882302  8.26365452  1.22514896  2.58579799  2.59109447
  4.973271    4.70860359  2.81965314  2.28765464  3.31546279  3.81747361
  4.18066712  3.91012378  3.95559479  2.43077178  2.32283299  3.0526984
  2.30113373  1.69997493  1.80473741  7.79386048  8.73697451  1.74936649
 13.6480125   2.6040819  12.3267528   2.94144832  2.97175791  5.23831477
  4.09301523  3.58938074 10.95316061  4.16211568  9.60846082  1.63561962
  6.79651482  6.31058903  2.23412342  2.73805582  5.31687194  6.49607178
  3.05933388 12.52081467  4.23000907  2.36030238  2.11449333  5.52195196
  3.15187751  2.91030897  3.67446167  1.82519978]