respiratory effects, inorganics composed model
RMSE: [1.95555814e-10 4.42921465e-10 4.64121137e-10 4.76670293e-10
 3.03406079e-10 9.91306459e-11 2.85469433e-10 2.87399379e-10
 5.55896635e-10 1.95385068e-10 3.19350281e-10 8.43909624e-10
 2.61293889e-10 5.07622875e-10 9.87988487e-10 7.99199894e-10
 1.26488086e-10 2.01985617e-10 2.34405396e-10 3.68720335e-10
 3.30455328e-10 5.69101278e-10 2.06773927e-10 3.27948096e-10
 3.43603987e-10 2.45691403e-10 4.83382845e-10 3.84687708e-10
 2.68033419e-10 4.22528967e-10 8.48724650e-11 9.40243854e-10
 2.38035469e-10 5.11285590e-10 4.75765102e-10 5.40437877e-10
 3.60581191e-10 3.05034091e-10 3.30931150e-10 2.82352128e-10
 9.30122441e-10 1.07858068e-10 2.82028287e-10 4.68983977e-10
 1.90873087e-10 1.27983590e-10 1.73786780e-10 1.60333053e-10
 3.00393062e-10 4.02337077e-10 6.44500351e-10 4.15739123e-10
 1.40722065e-10 3.17366992e-10 1.23539156e-09 5.52828796e-10
 2.42643208e-10 3.04581554e-10 3.41086765e-10 2.52485208e-10
 2.03523505e-10 4.34780065e-10 3.24718408e-10 3.10539991e-10
 1.34515565e-09 1.56947877e-10 2.86817439e-10 3.45794395e-10
 2.31635352e-10 2.15943390e-10 5.53139674e-10 1.85860458e-10
 1.57362184e-10 3.89949691e-10 2.48278576e-10 3.57553288e-10
 3.87412417e-10 2.26102794e-10 3.37971806e-10 1.69956750e-10
 3.00393062e-10 9.74341908e-11 2.73335390e-10 2.32639373e-10
 1.89502173e-10 6.02812275e-10 4.54913251e-10 1.66011402e-10
 2.72277146e-10 3.27302128e-10 2.78866585e-10 4.55140745e-10
 5.73944105e-10 1.70400204e-10 3.68422575e-10 3.78090507e-10
 2.97372363e-10 4.61054574e-10 3.80134575e-10 2.37111745e-10
 2.62602448e-10 3.25742171e-10 2.01484778e-10 2.17525437e-10
 2.63691189e-10 7.74752400e-10 4.07500380e-10 2.05042816e-10
 8.53239282e-10 2.39440617e-10 1.02605572e-09 2.12778907e-10
 4.33635392e-10 3.79462477e-10 5.22316964e-10 2.52184360e-10
 8.42892743e-10 3.78795897e-10 3.79442150e-10 1.58240576e-10
 6.79581734e-10 6.67538318e-10 1.91683452e-10 3.23342810e-10
 8.74093814e-10 8.01592030e-10 3.40975517e-10 5.39831784e-10
 3.99211658e-10 3.16010019e-10 1.90640983e-10 4.57482824e-10
 1.99016833e-10 3.28188341e-10 6.05804119e-10 2.81743299e-10]
NRMSE: [0.03191783 0.07229186 0.07575198 0.0778002  0.04952072 0.0161797
 0.04659317 0.04690817 0.09073121 0.03188996 0.05212307 0.13773953
 0.04264734 0.08285216 0.1612555  0.13044218 0.02064488 0.03296728
 0.0382587  0.06018105 0.05393559 0.09288642 0.03374881 0.05352637
 0.05608166 0.04010076 0.0788958  0.06278718 0.04374733 0.06896347
 0.01385254 0.15346281 0.03885119 0.08344997 0.07765246 0.08820809
 0.05885261 0.04978643 0.05401325 0.04608438 0.15181084 0.01760416
 0.04603152 0.07654567 0.03115354 0.02088897 0.02836478 0.02616891
 0.04902894 0.06566784 0.10519275 0.06785526 0.02296809 0.05179936
 0.20163563 0.09023049 0.03960325 0.04971257 0.05567081 0.04120962
 0.03321829 0.07096305 0.05299923 0.05068509 0.21955088 0.0256164
 0.04681319 0.05643917 0.03780659 0.03524541 0.09028123 0.03033539
 0.02568402 0.06364602 0.04052303 0.05835841 0.06323189 0.03690359
 0.0551624  0.02773966 0.04902894 0.01590282 0.0446127  0.03797046
 0.03092978 0.09838859 0.07424911 0.02709571 0.04443998 0.05342093
 0.04551548 0.07428624 0.09367684 0.02781203 0.06013245 0.06171041
 0.04853592 0.07525147 0.06204403 0.03870042 0.04286091 0.05316632
 0.03288553 0.03550362 0.04303861 0.12645196 0.06651057 0.03346626
 0.13926228 0.03908053 0.16746868 0.03472892 0.07077622 0.06193434
 0.08525047 0.04116051 0.13757356 0.06182554 0.06193102 0.02582739
 0.11091859 0.10895291 0.0312858  0.05277471 0.14266607 0.13083262
 0.05565265 0.08810917 0.06515772 0.05157788 0.03111565 0.0746685
 0.03248273 0.05356558 0.09887691 0.04598501]
SMAPE: [ 1.52210873  3.8682243   4.49832902  3.92673798  2.39752058  1.14429992
  3.79765771  2.89227932  5.16726777  2.15630197  2.40920455 11.36988587
  2.18563561  3.92571554 11.70974685 10.46252283  1.39117652  2.26486727
  2.08095454  3.8816505   3.43033358  5.00958886  1.67582307  3.21023643
  2.65713307  1.95426293  5.51820629  3.97479639  2.36417151  4.97258731
  0.61612896  9.38870099  3.61740695  4.53118683  7.7893807   6.88539226
  4.45845418  2.7876205   2.93253609  2.40030144  8.66803832  1.43329075
  2.75997366  5.40920778  2.18104406  1.08608703  1.77998246  2.27810565
  2.93927241  3.70702506  5.86550332  4.24997395  1.43961571  3.38495622
 14.44425802  5.05884832  2.1930778   2.90333404  3.46829958  2.53831873
  2.22461862  5.57740116  3.46589515  2.73982727  9.70510694  1.58916426
  2.91114353  3.67062827  2.41983933  2.89119167  5.3912377   1.47333683
  1.4479282   3.30113516  2.44359502  4.66364961  3.76466465  2.27819003
  3.9473617   1.61172726  2.93927241  1.11545246  3.19910036  2.32293788
  2.28827159  5.92058716  5.15415618  2.17423335  2.9920744   4.05166333
  2.73247286  4.80348243  3.66665496  1.30947033  3.21741448  4.06765196
  3.10014387  4.60237253  3.25748892  2.47233409  2.36199942  2.91671945
  1.58771563  2.32776473  2.62870826  7.84481231  3.86529104  2.15050213
 11.88561039  2.91219497 11.73015957  2.62979393  4.91279509  3.47867125
  5.21520198  2.47784589 11.96057529  5.66979601  4.3644064   1.70630291
  7.83381255  7.0214405   1.40646057  2.78598099 11.29872044  7.8227412
  3.37276607  7.38744913  3.66041797  3.05531213  1.82175017  5.09908725
  2.22804786  2.68533811  5.69330948  3.30150238]