climate change total composed model
RMSE: [0.06526266 0.02468776 0.019854   0.03681776 0.0160439  0.01018902
 0.01494771 0.01698218 0.05403884 0.07388041 0.05418807 0.04154303
 0.00686127 0.04104247 0.06297875 0.03039027 0.04857934 0.01967236
 0.0242295  0.05979567 0.03933427 0.06432467 0.01705533 0.01437183
 0.04566467 0.03291731 0.02429873 0.02356014 0.04593521 0.02039779
 0.02918267 0.1632976  0.03324208 0.04921384 0.04532738 0.02403543
 0.0197371  0.03253848 0.02601552 0.02790918 0.08855551 0.01990559
 0.01441949 0.06657846 0.02001097 0.02341449 0.02245769 0.02437899
 0.0082732  0.03295539 0.04467176 0.05829194 0.02143332 0.01556523
 0.04054079 0.02434403 0.02025969 0.03519492 0.02964398 0.02386452
 0.02929366 0.02460974 0.03764926 0.02505098 0.04833729 0.01590731
 0.03045419 0.02078745 0.07328873 0.02132756 0.0559278  0.02124142
 0.01820497 0.01515802 0.03313379 0.02250412 0.01242145 0.03524383
 0.06831343 0.02497103 0.0082732  0.01713021 0.02462723 0.02436358
 0.02177602 0.0370421  0.03472242 0.01594827 0.05960425 0.01553392
 0.04144593 0.04170533 0.00925173 0.05041932 0.02388185 0.02488826
 0.04330806 0.05674228 0.01874256 0.01827044 0.03026671 0.06328602
 0.02633095 0.01158564 0.00753563 0.04864552 0.02591746 0.0234493
 0.03019189 0.02544242 0.08322197 0.01997633 0.02485791 0.05348247
 0.05283818 0.01761167 0.02269141 0.02524392 0.02293165 0.019442
 0.03212301 0.04151505 0.01641367 0.02305169 0.02925192 0.14931557
 0.03351426 0.05158305 0.05048441 0.02918282 0.01967625 0.03090422
 0.05772739 0.01836746 0.02272806 0.01868642]
NRMSE: [0.1557576  0.05892046 0.04738408 0.08787026 0.03829079 0.02431739
 0.03567459 0.04053011 0.12897053 0.17632495 0.12932668 0.09914769
 0.0163753  0.09795305 0.15030677 0.07253022 0.11594074 0.04695059
 0.05782676 0.14270993 0.0938762  0.15351897 0.0407047  0.03430019
 0.10898452 0.07856133 0.05799199 0.05622925 0.10963019 0.04868191
 0.06964814 0.38973039 0.07933642 0.11745505 0.10817952 0.05736359
 0.04710509 0.0776572  0.06208934 0.06660879 0.21134894 0.0475072
 0.03441394 0.15889793 0.0477587  0.05588166 0.05359812 0.05818354
 0.01974504 0.07865222 0.10661481 0.1391211  0.05115333 0.0371484
 0.09675574 0.05810011 0.04835231 0.08399713 0.07074911 0.05695571
 0.06991303 0.05873425 0.08985472 0.05978734 0.11536306 0.03796481
 0.07268279 0.04961187 0.17491282 0.05090092 0.13347877 0.05069533
 0.04344846 0.03617653 0.07907798 0.05370893 0.02964537 0.08411385
 0.16303865 0.05959653 0.01974504 0.04088341 0.05877601 0.05814676
 0.05197123 0.08840565 0.08286945 0.03806257 0.1422531  0.03707367
 0.09891596 0.09953504 0.02208042 0.12033209 0.05699705 0.05939899
 0.10336016 0.13542263 0.04473148 0.04360471 0.07223534 0.15104009
 0.06284215 0.0276506  0.01798474 0.11609868 0.06185529 0.05596473
 0.07205678 0.06072156 0.19861976 0.04767604 0.05932654 0.12764268
 0.126105   0.04203248 0.05415592 0.0602478  0.05472927 0.0464008
 0.07666563 0.09908093 0.03917331 0.05501576 0.06981342 0.35636051
 0.07998603 0.12310947 0.12048744 0.06964849 0.04695986 0.07375682
 0.13777373 0.04383628 0.05424338 0.04459751]
SMAPE: [ 4.78649965  2.20633038  2.48526743  4.16249837  1.44223955  1.11601421
  1.18157342  1.43958708  5.66800505  8.2453056   4.80807594  5.18915864
  0.56461836  3.26100334  6.53375216  3.36535281  5.08976536  1.48741036
  1.91996581  5.84446575  3.63565249  5.56732537  1.39724131  1.1197146
  4.15138538  2.50941047  2.12631828  2.36327333  4.22893739  1.94951141
  2.47663189 16.62451683  3.59023271  4.70622228  4.86771784  2.50970341
  2.21978163  3.29986248  2.19332672  2.26326241 10.08144361  1.54048088
  1.16357428  7.88493107  1.6699591   1.54716148  2.23738303  2.35755679
  0.73084769  3.18807354  4.44862823  6.05657166  2.19001307  1.256232
  4.46654963  1.7463587   1.75303768  3.86467139  3.38508746  2.06126439
  2.51465792  2.46507252  3.07037671  1.64262269  3.90573623  1.3447336
  2.41207229  1.57719861  6.10911716  1.78683616  5.6686305   2.30751451
  1.56012054  1.49233331  3.47163542  2.09370692  1.02748255  2.53299018
  6.73814245  2.06295944  0.73084769  1.85519922  2.39977029  1.66202915
  2.23246285  4.26629     2.67192447  1.37956681  6.33901299  1.40468333
  4.61234196  3.84678966  0.66142653  4.22786532  2.27782307  2.31667605
  4.52844682  5.95345728  2.03408597  1.48020864  2.7917383   5.61297888
  2.44094575  0.88958548  0.63822427  6.20887013  2.35746009  2.25814683
  3.17817319  2.45759901  9.12797185  2.02828499  2.31632267  5.26075708
  5.51875073  1.41182813  2.02513644  2.07934545  2.50359768  2.00075559
  2.63122661  3.84571836  1.26363337  2.01450811  3.16382053 10.65920582
  2.97648412  6.05381229  4.72458093  2.97568801  1.90778834  2.87824211
  5.99384244  1.29922675  2.3844254   1.99206012]