Climate change composed model
RMSE: [0.06057731 0.02145229 0.01609398 0.0324171  0.01417899 0.01004597
 0.012925   0.0189613  0.04468291 0.07007611 0.05082251 0.03886816
 0.00686524 0.03827414 0.05455363 0.02692625 0.04673718 0.02051338
 0.02347809 0.05557994 0.04048732 0.0623631  0.0153723  0.01574315
 0.04235408 0.03120385 0.02208129 0.02148483 0.04372674 0.02159766
 0.02931635 0.15153846 0.03376855 0.04547087 0.03998273 0.02025012
 0.01844889 0.02890901 0.02013533 0.02730402 0.08294513 0.01917094
 0.01388002 0.06389987 0.01953196 0.02326476 0.0200373  0.02597757
 0.00792112 0.03007081 0.03958705 0.05733176 0.01989023 0.01680502
 0.03405863 0.01968193 0.01779425 0.03157375 0.02878542 0.02347829
 0.0267121  0.02357479 0.03526714 0.02377335 0.04092304 0.01418753
 0.02843097 0.02049026 0.06917225 0.01680134 0.04802185 0.01910215
 0.0176615  0.01646919 0.02691424 0.02232005 0.01409381 0.0344107
 0.06595965 0.02669767 0.00792112 0.01748812 0.02389595 0.02208922
 0.0208114  0.0360633  0.03303499 0.01694038 0.05696799 0.01505151
 0.0375985  0.03993514 0.00951845 0.04625858 0.02277845 0.02344846
 0.04300023 0.05469991 0.01837913 0.0158432  0.02837638 0.0607404
 0.02408949 0.01028379 0.00766228 0.04302493 0.02474046 0.02257588
 0.02668097 0.02611318 0.07910751 0.0175026  0.02434626 0.04974683
 0.05063184 0.01458982 0.01956718 0.02432987 0.02010742 0.01861592
 0.02921702 0.03729363 0.01534505 0.0195131  0.02499624 0.13443483
 0.03425567 0.04923082 0.05023512 0.02475947 0.01908899 0.02724685
 0.05482716 0.01674447 0.02306145 0.01822378]
NRMSE: [0.16160721 0.05723009 0.04293527 0.08648183 0.0378265  0.02680047
 0.03448112 0.05058467 0.11920436 0.18694795 0.13558349 0.10369188
 0.01831497 0.10210714 0.14553733 0.07183342 0.12468472 0.05472527
 0.06263449 0.1482753  0.10801143 0.1663713  0.04100998 0.04199933
 0.11299156 0.08324516 0.05890813 0.05731689 0.11665353 0.05761791
 0.0782097  0.40427194 0.09008721 0.12130649 0.1066653  0.05402295
 0.04921766 0.077123   0.05371673 0.07284123 0.22127973 0.05114392
 0.0370289  0.17047108 0.05210706 0.06206537 0.0534552  0.06930257
 0.02113183 0.08022244 0.10560973 0.15294878 0.05306284 0.04483217
 0.09086108 0.05250716 0.04747122 0.08423195 0.0767933  0.06263501
 0.07126213 0.06289246 0.09408514 0.06342217 0.10917384 0.03784928
 0.07584771 0.05466361 0.18453666 0.04482236 0.12811194 0.05096041
 0.04711706 0.04393625 0.07180139 0.05954509 0.03759926 0.09180033
 0.17596612 0.07122364 0.02113183 0.04665454 0.06374925 0.05892928
 0.05552032 0.09620912 0.08813024 0.04519327 0.15197832 0.04015417
 0.10030468 0.10653836 0.02539316 0.12340793 0.06076799 0.06255545
 0.11471536 0.14592756 0.04903156 0.04226623 0.07570205 0.1620423
 0.06426556 0.02743494 0.02044131 0.11478124 0.06600221 0.06022758
 0.07117907 0.06966433 0.2110418  0.04669316 0.06495056 0.13271382
 0.13507484 0.0389225  0.05220102 0.06490686 0.05364226 0.04966325
 0.07794472 0.09949137 0.04093728 0.05205675 0.06668459 0.35864315
 0.09138674 0.13133721 0.13401646 0.06605294 0.05092532 0.07268873
 0.14626705 0.04467064 0.06152297 0.04861711]
SMAPE: [ 4.63166872  1.9825558   1.94765719  3.94272693  1.27399097  1.09978594
  1.11348381  1.73344306  4.74375617  8.15119741  4.72362383  4.89751202
  0.60809432  3.0111771   6.10897872  3.1377374   5.03423444  1.65934397
  1.9784053   5.63642367  4.07371994  5.6343991   1.32180326  1.42727412
  3.9727958   2.69235621  2.00697448  2.21547095  4.2646461   2.10397741
  2.61582255 16.15044059  3.9062011   4.70155891  4.38438123  2.18163331
  2.11553469  3.06003341  1.8121663   2.15025086  9.79353018  1.61087162
  1.21406089  7.90338582  1.65539452  1.78789939  2.05997168  2.60785774
  0.73821962  3.12390376  4.14584638  6.32773183  2.13415654  1.42808449
  3.89971193  1.57302546  1.54872822  3.48682684  3.44587946  2.0206488
  2.48449336  2.44188486  3.00571463  1.65737627  3.27217553  1.3517714
  2.23734     1.78032045  5.97118143  1.49076799  5.12605301  2.15519747
  1.54611442  1.68950652  3.07920699  2.40132754  1.33525358  2.5526535
  6.79733969  2.39951827  0.73821962  2.03789201  2.46702306  1.49040992
  2.19212579  4.23999288  2.7882045   1.44353242  6.46046281  1.42647468
  4.29780254  3.88444442  0.71305712  4.05682487  2.28502787  2.30588458
  4.72205038  6.13656331  2.13058916  1.32586001  2.80886429  5.65308486
  2.27253798  0.8812909   0.72994344  5.64073394  2.21608995  2.26066124
  2.95420861  2.6513237   9.10144443  1.79964585  2.37938374  5.15963392
  5.45179796  1.1963995   1.77537029  1.98710019  2.27179549  2.02136394
  2.56494812  3.59398282  1.25228906  1.76706732  2.82822842 10.27187106
  3.13597626  6.04286183  4.93194624  2.66639838  1.95443545  2.74710652
  5.83439918  1.2230406   2.66519208  1.99217573]