Particulate Matter composed model
RMSE: [1.62971741e-10 2.39801992e-10 3.25685111e-10 8.73545610e-10
 2.80935081e-10 9.22011406e-11 1.54252415e-10 2.49897921e-10
 1.21663127e-09 3.70205942e-10 4.78645138e-10 3.33925495e-10
 9.69896081e-11 4.30307356e-10 7.72522194e-10 4.85278671e-10
 4.23913552e-10 4.00027811e-10 1.49688858e-10 5.17464836e-10
 2.60875790e-10 6.40275721e-10 1.42381277e-10 3.02459884e-10
 3.69767747e-10 2.03516137e-10 3.68389331e-10 2.16062036e-10
 3.18838522e-10 1.87350675e-10 3.75840776e-10 1.08247871e-09
 3.19720439e-10 4.41914032e-10 4.96058100e-10 2.43392866e-10
 2.87171696e-10 3.69511956e-10 3.09898400e-10 2.09413950e-10
 8.39139508e-10 2.11672895e-10 2.76143683e-10 5.20290388e-10
 2.37900618e-10 3.45462287e-10 1.60685448e-10 1.17370669e-10
 1.07676888e-10 7.08767880e-10 9.04981352e-10 5.07986287e-10
 2.46722187e-10 2.01639758e-10 4.80667456e-10 2.65413355e-10
 1.71844241e-10 1.84166216e-10 4.57505037e-10 2.47955936e-10
 6.13424778e-10 4.89213397e-10 4.62229136e-10 1.84531914e-10
 6.30486954e-10 3.35132206e-10 3.56973444e-10 3.44388003e-10
 3.77789447e-10 2.20597928e-10 5.09019035e-10 1.39911085e-10
 2.00293178e-10 4.37165091e-10 1.63151275e-10 2.57210804e-10
 2.14865266e-10 2.87356803e-10 6.09017712e-10 1.49384630e-10
 1.07676888e-10 6.29146550e-11 1.42310556e-10 1.85891384e-10
 1.69119063e-10 3.41292105e-10 6.46562325e-10 1.65298492e-10
 1.96807057e-10 1.89693739e-10 3.73096904e-10 4.00444981e-10
 1.08922640e-10 2.77701058e-10 4.16139661e-10 2.49803319e-10
 8.44989191e-11 5.71936509e-10 2.13187576e-10 2.31118251e-10
 2.54344749e-10 4.44804954e-10 2.05442079e-10 2.63370607e-10
 1.98801009e-10 4.32700577e-10 3.16164651e-10 2.11884211e-10
 5.76596018e-10 2.35498620e-10 8.08679482e-10 2.50241346e-10
 1.79048386e-10 8.27081455e-10 3.56686852e-10 2.12271784e-10
 2.47424366e-10 3.29973361e-10 1.47140348e-10 1.75316339e-10
 4.54704491e-10 4.45185290e-10 2.66313049e-10 3.87100406e-10
 2.50972258e-10 4.35547756e-10 2.13632664e-10 6.45843367e-10
 2.26932247e-10 2.33274010e-10 2.06643056e-10 2.98884263e-10
 1.89765288e-10 2.91854299e-10 2.96280360e-10 1.14385518e-10]
NRMSE: [0.02983498 0.04390018 0.05962267 0.15991864 0.05143035 0.01687912
 0.02823875 0.04574842 0.22272679 0.06777303 0.08762482 0.06113122
 0.01775574 0.0787757  0.14142444 0.08883921 0.07760519 0.07323247
 0.02740331 0.09473148 0.04775812 0.11721428 0.02606552 0.05537086
 0.06769281 0.03725738 0.06744046 0.03955414 0.05836927 0.034298
 0.06880459 0.19816769 0.05853072 0.08090051 0.09081258 0.04455755
 0.05257208 0.06764598 0.05673262 0.03833709 0.15361996 0.03875063
 0.05055319 0.09524875 0.0435521  0.06324324 0.02941643 0.02148687
 0.01971224 0.12975303 0.16567353 0.09299626 0.04516705 0.03691388
 0.08799504 0.04858881 0.03145926 0.03371502 0.08375474 0.04539291
 0.11229872 0.08955954 0.08461957 0.03378197 0.11542227 0.06135213
 0.06535057 0.06304658 0.06916133 0.04038452 0.09318532 0.0256133
 0.03666736 0.08003113 0.02986785 0.04708718 0.03933505 0.05260596
 0.11149192 0.02734761 0.01971224 0.01151769 0.02605257 0.03403085
 0.03096036 0.06247981 0.11836516 0.03026094 0.03602916 0.03472694
 0.06830227 0.07330884 0.0199403  0.0508383  0.07618204 0.0457311
 0.01546909 0.10470353 0.03902792 0.04231046 0.0465625  0.08142975
 0.03760996 0.04821485 0.03639419 0.07921382 0.05787977 0.03878931
 0.10555654 0.04311237 0.14804369 0.04581129 0.03277811 0.15141251
 0.06529811 0.03886027 0.04529559 0.06040771 0.02693675 0.03209489
 0.08324204 0.08149938 0.04875352 0.07086587 0.0459451  0.07973505
 0.0391094  0.11823354 0.04154413 0.04270511 0.03782982 0.05471628
 0.03474004 0.05342931 0.05423958 0.02094038]
SMAPE: [ 1.10795965  2.07018728  3.46177604  7.74708793  1.5569227   1.17209061
  1.49493185  2.34107027 11.69787841  4.24512048  3.23219664  3.39189606
  0.72798592  2.57042681  9.28435084  5.98783909  4.85200897  4.87938398
  1.62741598  5.36765271  1.85767258  4.87242168  1.48882896  3.13930104
  2.80493069  1.56308307  3.65624292  2.03729118  2.58828754  2.1958899
  2.87661113  9.49423067  4.27496412  3.48863259  6.03381462  2.42860747
  2.44367834  3.33984704  2.59575882  1.56825318  7.71946739  3.25290492
  2.19417897  6.96173216  3.48794821  2.25771715  1.25068575  1.5547719
  0.94987929  4.83138222 11.47922429  5.06354815  2.13879931  2.07153867
  5.48116123  2.19835549  1.83389625  1.69575315  5.74909107  2.04835962
  7.31636728  4.63304404  4.98564329  1.34187309  4.02480434  3.59469217
  3.31244971  2.25652768  3.73602775  2.40855519  3.90384542  1.30816768
  1.95373302  3.4902965   1.84593932  2.78413775  1.4612959   2.50159436
  5.57647367  1.64995137  0.94987929  0.80571747  1.38142523  1.39055007
  1.79825585  2.60373066  7.51531999  1.79556717  2.17779852  1.90044453
  3.58242943  3.42983914  0.8879058   1.5570437   3.78008384  2.37605747
  0.8632869   6.02274706  2.01741627  1.89965088  2.19352348  4.09650921
  1.75854854  2.88365642  1.85615771  4.13902248  3.70593946  1.8218387
  7.34717354  2.50523095 10.50057302  3.00600022  2.07750353  6.49360132
  3.41648478  2.03334594  3.22357512  4.2607256   1.74468631  1.86976949
  3.75961016  3.71800279  1.63041542  2.54846796  2.89992223  4.00880858
  1.72930823  9.06898438  1.96656413  2.4378549   1.86998573  3.26322256
  2.27495996  2.57262194  2.76546159  1.18499039]