respiratory effects, inorganics composed model
RMSE: [1.41037181e-10 2.52692802e-10 3.75629844e-10 5.75022975e-10
 1.33686736e-10 9.91456249e-11 1.71884524e-10 2.15599675e-10
 1.44141401e-09 2.51165502e-10 2.60313530e-10 2.47936563e-10
 1.02248752e-10 3.44620111e-10 6.20177994e-10 5.11362110e-10
 1.99286373e-10 2.39145827e-10 2.99464249e-10 3.65354707e-10
 2.75183133e-10 5.76937283e-10 1.46666405e-10 4.05666017e-10
 3.41081278e-10 1.45886998e-10 2.70784222e-10 3.46668844e-10
 4.24141716e-10 2.37000409e-10 2.21081366e-10 1.07295312e-09
 1.49871798e-10 5.61210013e-10 6.68551461e-10 4.56993767e-10
 1.89175894e-10 4.04682917e-10 4.22466904e-10 2.29213634e-10
 7.61691406e-10 2.22365955e-10 2.18545609e-10 3.43384095e-10
 3.14787229e-10 2.08198675e-10 2.72714803e-10 8.29133278e-11
 1.71515755e-10 3.59413104e-10 6.39781296e-10 3.33871249e-10
 2.35187096e-10 1.60828935e-10 9.36072089e-10 3.73569764e-10
 2.66717809e-10 3.17202197e-10 4.81084193e-10 1.76373750e-10
 3.41096828e-10 3.27097713e-10 2.46946627e-10 9.47397440e-11
 8.18426341e-10 3.83916097e-10 3.71701098e-10 4.81727892e-10
 2.79534361e-10 2.19825941e-10 3.88748275e-10 1.49153004e-10
 1.78372156e-10 3.46925984e-10 3.45226233e-10 3.68407521e-10
 3.82657007e-10 1.91962316e-10 7.50083694e-10 1.85770043e-10
 1.71515755e-10 6.99995964e-11 9.91166318e-11 2.04569723e-10
 9.28998414e-11 2.25467709e-10 5.01723201e-10 1.46186401e-10
 2.07001453e-10 1.92595695e-10 3.09301437e-10 3.74364589e-10
 1.93578250e-10 2.57682951e-10 3.29710048e-10 4.67936698e-10
 2.48031298e-10 6.33730857e-10 2.51196615e-10 1.11308111e-10
 2.23506758e-10 4.75190753e-10 1.64419587e-10 1.52263082e-10
 2.02046684e-10 5.78858112e-10 2.07995026e-10 2.96197768e-10
 3.72670686e-10 2.22274116e-10 9.34265526e-10 1.97973074e-10
 2.36674280e-10 4.24792042e-10 4.63922439e-10 1.81047948e-10
 4.74707592e-10 3.14818212e-10 2.86001244e-10 1.55447232e-10
 5.01929603e-10 4.39870107e-10 1.66610997e-10 2.77341106e-10
 6.00117226e-10 7.35269411e-10 1.37389897e-10 2.99437144e-10
 1.33474601e-10 2.67174950e-10 1.98694459e-10 3.07622491e-10
 2.42924533e-10 1.47240014e-10 3.85195242e-10 1.16649855e-10]
NRMSE: [0.02301952 0.0412435  0.06130879 0.09385293 0.02181981 0.01618215
 0.0280543  0.03518931 0.23526178 0.04099422 0.04248732 0.04046721
 0.01668863 0.05624751 0.10122295 0.08346246 0.03252672 0.03903242
 0.04887735 0.05963172 0.04491428 0.09416538 0.0239383  0.06621117
 0.05566991 0.02381109 0.04419631 0.05658189 0.0692267  0.03868225
 0.03608401 0.17512308 0.02446147 0.09159844 0.10911827 0.07458868
 0.03087653 0.06605071 0.06895334 0.03741133 0.1243202  0.03629367
 0.03567013 0.05604577 0.0513783  0.03398135 0.04451141 0.01353278
 0.02799411 0.05866196 0.10442252 0.05449312 0.03838629 0.02624985
 0.15278191 0.06097255 0.04353261 0.05177246 0.07852062 0.02878701
 0.05567245 0.05338757 0.04030563 0.01546304 0.13358025 0.06266124
 0.06066755 0.07862568 0.04562447 0.0358791  0.06344993 0.02434415
 0.02911318 0.05662386 0.05634643 0.06012999 0.06245573 0.03133132
 0.12242564 0.03032064 0.02799411 0.01142505 0.01617742 0.03338905
 0.01516274 0.03679993 0.08188924 0.02385995 0.03378594 0.03143469
 0.05048293 0.06110228 0.03159506 0.04205797 0.05381394 0.07637474
 0.04048267 0.103435   0.0409993  0.01816726 0.03647987 0.07755872
 0.0268359  0.02485177 0.03297725 0.09447889 0.03394811 0.04834421
 0.06082581 0.03627869 0.15248705 0.03231237 0.03862902 0.06933284
 0.07571955 0.02954992 0.07747986 0.05138336 0.04667997 0.02537147
 0.08192293 0.07179383 0.02719358 0.0452665  0.09794871 0.12000771
 0.02242423 0.04887292 0.02178519 0.04360722 0.03243011 0.0502089
 0.03964916 0.02403192 0.06287001 0.01903912]
SMAPE: [ 1.02250568  2.01644991  3.74371962  5.80320994  1.1960846   1.22125181
  2.28105709  1.94204601 15.12885676  2.99901852  1.92632662  3.44658899
  1.03685663  2.83734626  6.65028517  6.89803319  2.03249255  2.57024261
  2.7457778   4.55164573  2.71592691  5.39416464  1.34727375  5.04336495
  2.59975347  1.41785868  3.20069901  3.7637189   3.66353828  2.68692531
  2.00280296 10.4227856   2.22241294  5.15779551 11.09689799  5.73735914
  2.16009113  3.58294298  3.6565898   1.9399624   7.31267064  3.44329885
  1.99296834  4.29111002  3.95359182  1.79750018  2.30996216  1.33354039
  1.73747359  3.30726012  5.9579477   3.31547898  2.72663729  1.62155799
 11.62069001  3.39188936  2.90450299  3.18438412  5.4646463   2.02898165
  4.79427061  3.89885564  2.41537868  0.74225298  5.60600593  4.59178901
  4.3130264   4.5020077   2.71957718  2.83582016  3.89805258  1.24724784
  1.69943777  3.3170409   3.68464757  4.68483488  3.34009262  1.43113447
  8.78158119  2.03204201  1.73747359  0.76817265  0.97630343  1.97422316
  0.82331739  2.35057297  5.64171501  2.00784724  2.3506332   2.57068937
  2.91390774  3.81195111  1.07556417  2.2337445   3.04427179  5.12352281
  2.92629537  7.01628265  1.78665021  1.30435879  2.01841545  5.09431335
  1.52062633  1.60353844  2.16027461  6.12397849  2.20212041  3.02999777
  5.07125969  1.8991895   9.89589585  2.39100074  2.9052988   3.84607811
  5.4340136   1.85751263  7.22604301  4.86746742  3.4859568   1.94040078
  5.00832326  4.32041657  1.14489872  2.21074093  7.94485871  7.18296371
  1.23310352  3.91234756  1.36748381  2.61650222  2.08767888  3.22417242
  3.43627146  1.37543808  3.5923891   1.32860938]