Climate change composed model
RMSE: [0.10516053 0.02803641 0.26735141 0.05444828 0.06708851 0.02328093
 0.03106298 0.04093418 0.03048054 0.09850093 0.12421564 0.05665875
 0.03588074 0.08299567 0.07256731 0.02130388 0.08447295 0.03485906
 0.0251734  0.0565072  0.02791644 0.04824461 0.02621942 0.01838281
 0.02842916 0.04217586 0.06360491 0.01159185 0.02954096 0.01825084
 0.03204624 0.09435333 0.02818724 0.06352306 0.11129888 0.03268596
 0.03631736 0.02504136 0.05088895 0.03897381 0.10912929 0.03947534
 0.01681748 0.08102409 0.05197544 0.01891861 0.02073497 0.02792912
 0.02449943 0.08485545 0.04719123 0.06984306 0.0406619  0.05273787
 0.03985914 0.02356034 0.03264461 0.07904769 0.04023604 0.04553274
 0.09533537 0.05409401 0.05137611 0.03363639 0.07321485 0.01504981
 0.05916754 0.02165194 0.07098103 0.03144506 0.0858915  0.04823779
 0.02161171 0.05571354 0.02104443 0.02478007 0.03314458 0.03194621
 0.0601976  0.0153659  0.02449943 0.05138532 0.02424297 0.03206982
 0.02057982 0.04310495 0.04287168 0.03725534 0.07122534 0.02185339
 0.0664479  0.04145768 0.0460803  0.0604613  0.03410011 0.02130865
 0.05491335 0.05222358 0.03722078 0.02918708 0.04439876 0.01926021
 0.01853739 0.01405488 0.01924582 0.05676771 0.01754582 0.02939012
 0.12408281 0.0175426  0.08408444 0.01859697 0.03721014 0.03969839
 0.03523342 0.01933171 0.02675066 0.02078837 0.02850295 0.01782715
 0.04029023 0.08398122 0.05008641 0.07434996 0.02120449 0.11449447
 0.03578686 0.05441335 0.02883263 0.03938774 0.05207216 0.02739219
 0.05889806 0.01459412 0.03338521 0.01663701]
NRMSE: [0.28054562 0.0747951  0.71323592 0.14525627 0.17897767 0.0621085
 0.08286934 0.10920356 0.08131552 0.26277924 0.33138055 0.15115334
 0.09572208 0.22141457 0.19359394 0.05683415 0.22535562 0.09299647
 0.06715722 0.15074904 0.07447505 0.12870622 0.06994775 0.04904137
 0.07584287 0.11251611 0.16968418 0.03092455 0.07880891 0.0486893
 0.08549246 0.25171434 0.07519748 0.16946584 0.29692143 0.08719909
 0.0968869  0.06680495 0.13576075 0.10397371 0.29113343 0.10531169
 0.04486542 0.21615481 0.13865926 0.05047078 0.05531643 0.07450886
 0.06535919 0.22637605 0.12589604 0.18632624 0.10847718 0.14069326
 0.1063356  0.0628539  0.0870888  0.21088221 0.10734108 0.12147154
 0.25433421 0.14431117 0.1370604  0.08973463 0.19532143 0.04014966
 0.15784623 0.05776271 0.18936208 0.08388864 0.22914    0.12868802
 0.05765538 0.14863172 0.05614199 0.0661079  0.08842259 0.08522561
 0.16059422 0.0409929  0.06535919 0.13708495 0.06467501 0.08555537
 0.05490251 0.11499473 0.11437239 0.09938922 0.19001385 0.05830014
 0.17726868 0.11060015 0.12293231 0.16129771 0.09097173 0.05684689
 0.14649699 0.13932126 0.09929701 0.07786485 0.11844633 0.05138208
 0.04945375 0.0374954  0.05134369 0.15144401 0.04680846 0.07840652
 0.3310262  0.04679987 0.22431917 0.04961269 0.09926862 0.10590675
 0.09399516 0.05157282 0.07136499 0.05545889 0.07603972 0.047559
 0.10748566 0.22404378 0.13361974 0.19834967 0.05656901 0.30544657
 0.09547162 0.14516309 0.07691923 0.10507801 0.13891729 0.07307646
 0.15712733 0.03893398 0.08906455 0.04438395]
SMAPE: [ 8.01769785  2.68174845 26.07081268  6.76937134  5.49643695  2.29199433
  2.89091304  3.83782776  2.3966851  11.53056267 11.11132033  6.90757406
  3.72471558  6.59816082  8.94749895  2.26061057  8.12026222  3.48058986
  2.39518012  5.15624016  2.66888507  4.32929524  2.49491711  1.65207686
  2.61019434  4.08638533  6.53877109  1.09723439  2.54541988  1.57201293
  2.45957248 10.58292941  3.11269029  6.82207637 11.42946946  3.4452497
  3.42825948  2.48373896  4.2514589   3.1748907  12.2998761   3.58335789
  1.50515659  9.10474717  4.29468568  1.58453492  1.90299742  2.63642512
  2.17033162  9.4208032   5.17609863  7.64049137  4.28437126  5.19717552
  4.41260988  1.92229654  3.79102168  8.91625437  5.15343795  3.55305644
  9.511913    6.09457317  4.22087112  2.58931279  5.1421613   1.4880864
  5.50092006  1.98352679  6.28743613  3.17383865  7.61620723  5.12506318
  1.85861732  4.27825014  2.17516421  2.82352442  3.3357514   3.06468716
  5.75543343  1.23424428  2.17033162  6.43737171  2.41077613  2.69698707
  1.74798888  5.08541946  3.90011185  4.14346965  7.70985273  1.66375844
  8.5049279   4.02451289  4.27235644  5.45207114  3.22511383  1.94376804
  6.22595406  6.0164918   4.00994355  2.48166663  4.71229766  1.41489505
  1.59215682  1.38733552  1.94649191  7.39565143  1.6608191   2.77184562
 13.8535714   1.46838708  9.63188508  2.04886651  3.8808589   3.9595679
  3.46660226  1.735056    2.52933436  2.01682295  3.30195789  1.88387267
  4.15325947  9.21681181  4.57169959  7.00265787  2.10714199  8.44396449
  3.1384818   6.70025113  2.35586357  4.35070373  5.27667606  3.48458579
  5.86323219  1.09347895  4.27733276  1.55489981]