climate change total composed model
RMSE: [0.10847683 0.02889796 0.27620774 0.05698726 0.07013115 0.02324798
 0.03223462 0.04173968 0.0343416  0.10412167 0.13071292 0.06027651
 0.03745021 0.0894685  0.08433978 0.02314769 0.09211209 0.0432547
 0.02585924 0.05969784 0.02648476 0.05081175 0.02569092 0.01649427
 0.03358143 0.04329483 0.06781521 0.01320341 0.03046737 0.0187016
 0.03342438 0.10429596 0.02846066 0.06898533 0.11730528 0.03292998
 0.04091028 0.02811652 0.05676192 0.04511356 0.11922884 0.04016989
 0.01809501 0.08523868 0.05476372 0.01904343 0.02342899 0.03228947
 0.02382679 0.08798235 0.05231218 0.06980981 0.04162249 0.05609752
 0.05017776 0.02408321 0.03830322 0.08469988 0.04349485 0.04687391
 0.10110378 0.05698607 0.05520733 0.03562123 0.08564643 0.01847614
 0.06281603 0.02114155 0.07512172 0.03519523 0.08654602 0.05313935
 0.02155934 0.05921704 0.02255369 0.0263922  0.03357949 0.03526807
 0.05881925 0.0183905  0.02382679 0.0493902  0.02332443 0.03659925
 0.02029844 0.04515182 0.04324478 0.03690305 0.07420169 0.02247606
 0.06914249 0.03955672 0.04488396 0.06715846 0.0381583  0.02420681
 0.05583063 0.0511129  0.03813547 0.03022054 0.04586009 0.02118934
 0.0226893  0.01725567 0.01858273 0.06615135 0.01627412 0.02824435
 0.13296804 0.01749958 0.08701088 0.02310764 0.03807372 0.04087009
 0.03777159 0.02050617 0.03038783 0.02147887 0.03039621 0.0187125
 0.04054955 0.08949664 0.0556392  0.07496792 0.0218471  0.12167206
 0.03891926 0.05696687 0.02958707 0.041357   0.05388423 0.02708255
 0.06171528 0.01572449 0.03891309 0.01852151]
NRMSE: [0.25889368 0.06896864 0.65920472 0.13600731 0.16737686 0.05548424
 0.07693201 0.09961703 0.08196058 0.24849954 0.31196292 0.14385751
 0.08937966 0.21352791 0.20128756 0.0552449  0.21983716 0.10323281
 0.06171635 0.14247646 0.06320923 0.12126868 0.06131464 0.03936566
 0.08014632 0.10332859 0.16184959 0.03151161 0.07271424 0.04463374
 0.07977151 0.24891551 0.06792497 0.16464222 0.2799639  0.07859157
 0.09763755 0.06710364 0.1354695  0.10766922 0.28455473 0.09587053
 0.04318603 0.20343289 0.13070056 0.04544956 0.05591625 0.0770629
 0.05686566 0.20998102 0.12484963 0.16660994 0.09933734 0.13388384
 0.11975557 0.05747763 0.09141548 0.20214697 0.10380597 0.11187051
 0.24129696 0.13600446 0.13175929 0.08501456 0.20440606 0.04409565
 0.1499184  0.050457   0.17928749 0.08399787 0.20655303 0.12682377
 0.05145409 0.14132895 0.05382725 0.06298833 0.08014169 0.08417172
 0.14037959 0.04389126 0.05686566 0.11787596 0.0556667  0.08734875
 0.04844479 0.10776054 0.10320913 0.08807379 0.17709171 0.05364195
 0.1650173  0.09440711 0.10712124 0.16028216 0.09106962 0.05777262
 0.13324687 0.12198741 0.09101514 0.07212515 0.10945091 0.05057104
 0.05415088 0.04118283 0.04435003 0.15787858 0.03884025 0.06740872
 0.31734507 0.04176496 0.20766247 0.0551493  0.09086776 0.09754165
 0.09014668 0.04894057 0.07252441 0.05126204 0.0725444  0.04465974
 0.09677662 0.21359506 0.13278998 0.17892042 0.05214088 0.29038577
 0.09288573 0.13595864 0.07061328 0.09870371 0.12860154 0.06463593
 0.14729132 0.03752847 0.09287101 0.04420393]
SMAPE: [ 7.91842882  2.589316   26.03459863  6.64141404  5.54822741  2.13952184
  2.85012974  3.72228181  2.78257758 11.68905048 11.2075159   7.268461
  3.70108907  6.90496453  9.7686053   2.29063969  8.75526688  4.02593866
  2.31988121  5.36127622  2.27922766  4.39015867  2.25991497  1.42475398
  3.00644567  3.92065719  6.63783022  1.19245561  2.51918807  1.5023516
  2.4680774  11.23435636  2.96665868  6.96925934 11.82600852  3.38403442
  3.94189846  2.71822166  4.35472748  3.55555196 12.83925556  3.43559751
  1.63097319  9.19949634  4.34857723  1.53289423  2.11875199  2.91184494
  2.00128274  9.23962611  5.57773071  7.24028598  4.18906783  5.20394361
  5.03754359  1.84352841  4.02926804  9.00059593  5.33779946  3.4817563
  9.7275165   6.13942228  4.3016021   2.63314772  5.80902552  1.82991975
  5.71529785  1.83784108  6.37709849  3.26494934  7.26353046  5.29478464
  1.84693067  4.55114579  2.07526442  2.69003342  3.17159477  3.24924443
  5.46724212  1.39441482  2.00128274  5.862439    2.18433208  3.0745409
  1.60288019  5.1518365   3.64549043  3.91642934  7.51354879  1.61931053
  8.42754954  3.58934276  4.00249908  5.75108653  3.6014499   2.17868005
  6.04058808  5.48739698  3.86588378  2.38520607  4.65811586  1.60021542
  1.88910271  1.70756007  1.85746023  8.20051012  1.37967163  2.52970775
 14.26656684  1.4154879   9.53237671  2.44660114  3.80330919  3.88378236
  3.41068651  1.77564208  2.87084222  1.85543857  3.40219336  1.76442276
  3.92410927  9.2861695   4.85084344  6.49592412  1.86559042  8.52783407
  3.35038487  6.72051178  2.25205484  4.36901404  5.2104651   3.26055925
  6.03567794  1.20520653  4.77554455  1.56743775]