Particulate Matter composed model
RMSE: [4.51174473e-10 3.25756691e-10 2.11307113e-09 7.96579125e-10
 3.24050751e-10 1.68181561e-10 1.88805348e-10 4.38466670e-10
 7.50124403e-10 3.39164714e-10 9.78096638e-10 4.88580021e-10
 2.81099094e-10 7.74831285e-10 1.55703836e-09 3.25161629e-10
 9.50562824e-10 2.71782243e-10 2.76279381e-10 4.66533736e-10
 2.84264121e-10 5.00857062e-10 3.05989120e-10 2.29228050e-10
 6.92832505e-10 3.08090948e-10 4.98993501e-10 1.59894745e-10
 2.11834494e-10 3.31748051e-10 2.46577045e-10 9.11127803e-10
 1.88524170e-10 9.95119916e-10 5.60767237e-10 4.42957072e-10
 4.46118635e-10 3.24507964e-10 7.95490644e-10 4.63799872e-10
 8.12056113e-10 2.92075380e-10 2.65224683e-10 7.09375920e-10
 7.11034433e-10 1.61213301e-10 2.71010784e-10 2.41974438e-10
 2.36075721e-10 5.50199691e-10 7.88125127e-10 4.91014700e-10
 3.70178047e-10 7.34084985e-10 9.39557738e-10 2.15505721e-10
 2.16100196e-10 2.27710294e-10 4.30503163e-10 4.30656176e-10
 7.95119910e-10 5.86210266e-10 4.35224226e-10 3.54916104e-10
 8.49593248e-10 3.15310755e-10 5.09395346e-10 3.71095896e-10
 6.55029586e-10 3.43747201e-10 6.82756009e-10 6.86200545e-10
 2.81713177e-10 3.73527550e-10 1.98796357e-10 2.89018399e-10
 3.16826290e-10 1.78532448e-10 3.98040471e-10 1.17495866e-10
 2.36075721e-10 9.19848981e-11 2.33157462e-10 3.59655923e-10
 2.26689787e-10 3.51075512e-10 6.84661293e-10 1.69788625e-10
 2.62535917e-10 2.05416044e-10 4.06277687e-10 4.31101655e-10
 4.72268071e-10 5.98371204e-10 4.14084031e-10 3.37880823e-10
 1.37625781e-10 4.38244523e-10 4.15037675e-10 2.19858522e-10
 2.94139496e-10 3.34956917e-10 3.65441768e-10 1.31765783e-10
 1.99867787e-10 7.56507670e-10 2.26765714e-10 1.28595455e-10
 1.45771892e-09 2.48445057e-10 7.38993176e-10 2.31215196e-10
 1.70669128e-10 7.87320414e-10 4.37998596e-10 2.93702447e-10
 1.69275865e-10 4.26648016e-10 2.27267166e-10 1.50640036e-10
 1.45067515e-10 6.56095925e-10 5.72846900e-10 7.15818427e-10
 3.07402501e-10 5.02156005e-10 3.43177849e-10 5.52169171e-10
 2.83629358e-10 3.31849510e-10 3.36723937e-10 1.78578379e-10
 2.90482703e-10 1.88597097e-10 3.44508591e-10 2.08157421e-10]
NRMSE: [0.08259581 0.05963577 0.38683664 0.1458285  0.05932347 0.03078874
 0.0345643  0.08026941 0.13732411 0.06209036 0.17905863 0.08944358
 0.05146037 0.14184716 0.28504459 0.05952683 0.17401806 0.04975475
 0.05057804 0.0854076  0.05203979 0.09169112 0.05601695 0.04196442
 0.12683577 0.05640173 0.09134996 0.02927168 0.03878021 0.0607326
 0.04514048 0.16679875 0.03451283 0.18217505 0.10265879 0.08109146
 0.08167024 0.05940717 0.14562923 0.08490712 0.14866185 0.05346979
 0.04855427 0.12986435 0.13016797 0.02951307 0.04961352 0.04429788
 0.04321801 0.1007242  0.14428084 0.0898893  0.06776792 0.1343878
 0.17200337 0.0394523  0.03956113 0.04168657 0.07881154 0.07883956
 0.14556136 0.1073166  0.07967582 0.06497394 0.15553371 0.05772345
 0.09325421 0.06793595 0.11991525 0.06292927 0.12499108 0.12562167
 0.05157279 0.06838111 0.03639334 0.05291015 0.0580009  0.03268366
 0.07286865 0.02150979 0.04321801 0.01683953 0.04268377 0.06584165
 0.04149975 0.06427085 0.12533988 0.03108294 0.04806204 0.0376052
 0.07437662 0.07892111 0.08645738 0.10954289 0.07580572 0.06185532
 0.02519494 0.08022874 0.0759803  0.04024916 0.05384766 0.06132004
 0.06690086 0.02412216 0.03658948 0.13849268 0.04151365 0.02354177
 0.26686233 0.04548245 0.13528633 0.04232821 0.03124413 0.14413352
 0.08018372 0.05376765 0.03098907 0.07810579 0.04160545 0.02757744
 0.02655728 0.12011046 0.10487019 0.13104377 0.0562757  0.09192892
 0.06282503 0.10108475 0.05192359 0.06075117 0.06164353 0.03269207
 0.05317822 0.03452618 0.06306865 0.03810706]
SMAPE: [ 3.27821358  2.361126   19.26662596  7.16247867  2.26307465  2.20817912
  1.61762516  4.8615805   6.81884789  3.94071682  6.19182355  5.04306154
  1.69223793  4.19031648 16.70511903  3.60698948 10.09202673  3.05327484
  3.10694485  4.25736458  2.30228073  3.69288215  2.98422525  2.61481137
  6.21004776  2.22441192  4.8754077   1.33509525  1.75192832  4.1298758
  1.70595174  8.19750183  2.49071543  8.77267253  6.32776481  4.54839368
  3.88507767  2.73237356  6.66127571  2.63095999  7.1976644   4.43154083
  2.06265236  9.41891291  9.59700222  1.05272252  2.30060336  2.59427185
  2.33155253  4.59617908 10.06500883  4.28476048  3.01710976  7.82041956
  9.73121902  1.83268146  2.63567541  2.40398699  4.91159559  3.43387614
  8.59979029  5.9610719   4.71687281  2.95982302  5.42604123  3.39894934
  4.77560925  2.2388972   6.70745182  3.58065879  4.13189268  6.61913524
  3.13285334  2.77977279  2.28701077  3.3053609   2.25485419  1.67880958
  3.60046392  0.98730727  2.33155253  1.19928217  2.10320929  2.86989059
  2.16853785  2.40801598  7.76766282  1.75782962  2.99613844  1.91378465
  4.4753116   3.6308226   4.63034744  3.77754141  3.20998999  3.02025213
  1.55592895  4.57746294  4.49686075  1.97318929  2.43098044  2.64800654
  3.0017516   1.30898335  1.67693297  6.44704673  2.70785239  1.18778893
 16.60858287  2.11996598  9.51714009  2.61177445  2.06259595  5.63320925
  4.16599295  2.73460543  2.13655759  5.54540691  2.80760307  1.55685622
  1.47122091  5.89960766  3.57357968  5.18056816  3.40093633  4.33842349
  2.78513512  7.56931845  1.82863805  3.87316586  2.63557708  1.58319432
  3.52781544  1.80822555  3.03136637  2.40283056]