respiratory effects, inorganics composed model
RMSE: [3.01930551e-10 4.39151719e-10 1.02078942e-09 4.75163703e-10
 3.70227964e-10 2.34681253e-10 2.21410750e-10 3.38355653e-10
 7.11396180e-10 1.69672810e-10 7.39587892e-10 4.18102919e-10
 2.47820757e-10 5.57074365e-10 1.17216079e-09 3.51014431e-10
 6.69039249e-10 2.20806562e-10 3.72191703e-10 3.14109067e-10
 3.40870536e-10 4.02435810e-10 2.44891927e-10 2.25224174e-10
 5.59955735e-10 2.51681291e-10 4.87585189e-10 2.49609333e-10
 2.18374897e-10 3.87714831e-10 2.42328389e-10 8.57556330e-10
 2.22480404e-10 7.70619305e-10 3.86842995e-10 1.32639279e-10
 4.28151959e-10 4.19905384e-10 5.65689268e-10 3.70210295e-10
 6.43993467e-10 2.11213163e-10 2.45015323e-10 6.73075633e-10
 3.80972563e-10 1.30923351e-10 1.55746022e-10 2.10052839e-10
 1.72726954e-10 4.51482231e-10 5.65318799e-10 3.98156940e-10
 3.90528049e-10 6.00049299e-10 1.33768564e-09 2.45689938e-10
 2.19067261e-10 2.77175720e-10 5.55945450e-10 2.89629899e-10
 5.66855117e-10 4.54813919e-10 1.94719350e-10 2.97320466e-10
 8.52937044e-10 2.49539154e-10 3.48452092e-10 3.92566066e-10
 4.80988060e-10 2.40050640e-10 5.37177232e-10 4.42343946e-10
 2.00560100e-10 2.88926032e-10 2.72386866e-10 3.13244233e-10
 3.14729346e-10 3.03176287e-10 3.00042596e-10 1.64153056e-10
 1.72726954e-10 9.51930426e-11 1.90121314e-10 3.46926291e-10
 1.48718617e-10 2.94720993e-10 4.07582829e-10 1.44490586e-10
 2.38780230e-10 1.92743122e-10 2.47423349e-10 2.89022757e-10
 7.70853926e-10 4.59322267e-10 3.90593402e-10 3.56106816e-10
 2.25141576e-10 4.28359272e-10 3.65242999e-10 1.65836254e-10
 2.06751843e-10 3.99164850e-10 3.01170432e-10 2.27892694e-10
 2.38800959e-10 7.99503097e-10 1.84159397e-10 2.73143899e-10
 1.03067390e-09 1.40139093e-10 8.15670237e-10 2.01729492e-10
 2.61916729e-10 3.61493521e-10 4.31944684e-10 2.28575378e-10
 2.72986217e-10 3.09847047e-10 2.10908830e-10 1.59726612e-10
 3.74754021e-10 5.97764898e-10 4.35966663e-10 2.35485841e-10
 8.36317250e-10 7.08800929e-10 2.52469015e-10 2.46290265e-10
 2.29177980e-10 3.33683408e-10 2.71980379e-10 1.92455248e-10
 3.56175188e-10 2.41402536e-10 4.03900859e-10 3.18408140e-10]
NRMSE: [0.04927989 0.07167657 0.16660913 0.0775543  0.06042712 0.03830373
 0.03613777 0.05522505 0.11611122 0.02769331 0.12071255 0.06824107
 0.0404483  0.09092343 0.19131536 0.05729116 0.10919789 0.03603916
 0.06074763 0.05126762 0.05563551 0.06568395 0.03997027 0.03676018
 0.09139372 0.04107841 0.07958169 0.04074023 0.03564227 0.06328125
 0.03955186 0.13996689 0.03631235 0.12577738 0.06313895 0.02164885
 0.06988124 0.06853526 0.09232952 0.06042423 0.10511002 0.03447336
 0.03999041 0.10985669 0.06218081 0.02136878 0.02542024 0.03428398
 0.0281918  0.07368911 0.09226906 0.06498557 0.06374041 0.09793763
 0.21833166 0.04010052 0.03575528 0.0452395  0.09073917 0.04727222
 0.09251981 0.07423289 0.03178131 0.04852745 0.13921295 0.04072877
 0.05687295 0.06407305 0.07850493 0.0391801  0.0876759  0.0721976
 0.03273461 0.04715734 0.04445789 0.05112646 0.05136885 0.04948321
 0.04897174 0.0267924  0.0281918  0.01553702 0.03103083 0.05662391
 0.02427325 0.04810317 0.06652403 0.02358317 0.03897275 0.03145876
 0.04038344 0.04717313 0.12581567 0.07496873 0.06375108 0.05812232
 0.0367467  0.06991507 0.05961349 0.02706712 0.0337452  0.06515008
 0.04915582 0.03719573 0.03897613 0.13049167 0.03005775 0.04458145
 0.16822244 0.02287294 0.13313041 0.03292547 0.04274899 0.05900152
 0.07050027 0.03730715 0.04455571 0.05057199 0.03442369 0.02606993
 0.06116584 0.09756478 0.07115672 0.03843505 0.13650033 0.11568763
 0.04120697 0.0401985  0.03740551 0.05446246 0.04439154 0.03141177
 0.05813348 0.03940075 0.06592307 0.05196929]
SMAPE: [ 2.38207591  4.00442656  9.96686098  4.19334623  3.06626727  3.02327257
  2.77802209  3.28570108  6.86670631  2.06124693  5.52726347  5.8628402
  2.33479545  4.24435557 13.71664569  4.56854757  7.63935221  2.28561013
  3.39813693  3.5025235   3.54980946  3.57055837  2.12461602  2.47107384
  4.52278767  2.19368095  5.53569943  2.29811845  2.14415731  4.81759211
  2.10531853  8.55930967  2.74333156  7.76588681  6.0695417   1.51436492
  5.7134791   3.95592019  4.59956188  2.69620098  5.90672167  2.82122826
  2.45391637  8.06556503  4.70339033  1.03565865  1.66241554  3.16883726
  1.89456038  4.3789714   4.81900712  4.03437193  4.55948346  6.43882469
 15.20050386  1.984988    2.15871808  2.71060261  6.2544631   2.74199284
  6.75792397  5.92376764  1.92905317  2.26138682  5.55654352  2.78699244
  3.88899152  3.89550318  5.49486894  3.22747241  5.14480631  3.68273597
  1.87855428  2.68271903  2.88646109  4.11371282  2.94836665  3.1316608
  3.55362548  1.53983675  1.89456038  1.03904745  2.19095642  3.45051537
  1.71154726  2.96084733  4.32333918  2.13333731  2.61843361  2.21020157
  2.06409442  2.68573692  5.9361006   3.86286307  2.98089994  3.9433397
  2.38387719  4.70832622  3.4288072   1.92182909  1.97404781  3.74057988
  2.709677    2.40487302  2.37219942  8.17602158  1.88279311  3.03974324
 13.8287179   1.7327301   8.73600021  2.51519786  3.23113387  3.36516688
  4.47184073  2.24966532  3.94448071  3.72969209  2.47270943  1.94800552
  3.67389495  6.15325294  3.67568506  1.66972463 10.68742522  7.10628138
  2.49112374  3.02617833  2.03479918  3.28433428  2.88527825  2.22178594
  4.87393436  2.20079379  3.86473714  3.59168808]