climate change total composed model
RMSE: [0.0942356  0.02320508 0.03728205 0.05880074 0.02239273 0.01884815
 0.01586137 0.02739311 0.04614278 0.0541479  0.03362887 0.02552123
 0.02254739 0.02379976 0.04897402 0.02255769 0.05515613 0.02348221
 0.01464393 0.06034194 0.03966933 0.05292716 0.02167482 0.01922641
 0.04653231 0.033367   0.01924768 0.02410324 0.03879514 0.01880607
 0.0353835  0.10787732 0.01794493 0.03664999 0.03600773 0.02650933
 0.0253675  0.02798926 0.04114654 0.03301957 0.13770325 0.02396613
 0.01084708 0.04179686 0.03696898 0.02399628 0.01623629 0.0241254
 0.01433975 0.02839599 0.04952016 0.0683286  0.01541863 0.01583873
 0.05198637 0.0169759  0.01910868 0.03366599 0.018046   0.02582313
 0.01870048 0.03253541 0.02764893 0.03602978 0.08656726 0.01923636
 0.06848755 0.01384054 0.07594894 0.03177037 0.04363586 0.01769285
 0.01935622 0.01776676 0.02387681 0.03104399 0.03183279 0.03726788
 0.02939799 0.01508684 0.01433975 0.02663385 0.01994175 0.02827038
 0.0197631  0.04073453 0.02278607 0.01445939 0.04048275 0.01970992
 0.04488192 0.01960255 0.01392781 0.04496535 0.01931843 0.02302959
 0.04823052 0.03370093 0.01523912 0.02342298 0.03041087 0.02367155
 0.02714844 0.01422853 0.02208902 0.0749361  0.01120785 0.02315069
 0.02651255 0.02248256 0.08023346 0.02003828 0.0214023  0.04076866
 0.04310111 0.02016512 0.01763362 0.04367429 0.03210755 0.01151641
 0.02117185 0.06801532 0.02620102 0.02576297 0.02881916 0.09639849
 0.02493909 0.05540518 0.0398465  0.04240718 0.0182714  0.01507537
 0.02676781 0.01005232 0.01438107 0.01646478]
NRMSE: [0.22490518 0.05538185 0.08897834 0.14033541 0.05344308 0.04498349
 0.03785516 0.06537712 0.11012559 0.12923082 0.08025956 0.06090965
 0.05381221 0.05680114 0.1168827  0.05383677 0.13163707 0.05604327
 0.03494959 0.14401368 0.09467587 0.12631737 0.05172969 0.04588627
 0.11105526 0.07963457 0.04593702 0.05752542 0.09258951 0.04488306
 0.0844472  0.25746289 0.04282785 0.08746983 0.08593701 0.06326788
 0.06054274 0.0667999  0.09820142 0.07880538 0.32864623 0.05719821
 0.02588792 0.0997535  0.08823114 0.05727015 0.03874996 0.05757833
 0.03422364 0.06777062 0.11818612 0.16307484 0.03679852 0.03780113
 0.12407206 0.04051513 0.04560529 0.08034815 0.04306905 0.06163017
 0.04463107 0.07764988 0.06598766 0.08598962 0.20660372 0.04591001
 0.1634542  0.0330322  0.18126177 0.07582401 0.10414251 0.04222624
 0.04619607 0.04240263 0.05698503 0.0740904  0.07597298 0.08894451
 0.07016202 0.03600666 0.03422364 0.06356505 0.0475935  0.06747083
 0.04716714 0.09721811 0.05438185 0.03450917 0.0966172  0.04704021
 0.10711637 0.04678398 0.03324047 0.1073155  0.04610589 0.05496303
 0.11510825 0.08043154 0.03637009 0.0559019  0.07257939 0.05649515
 0.06479318 0.03395818 0.05271823 0.1788445  0.02674896 0.05525204
 0.06327555 0.05365748 0.19148731 0.04782388 0.05107931 0.09729957
 0.10286627 0.04812661 0.04208486 0.10423422 0.07662873 0.02748536
 0.0505293  0.16232717 0.06253206 0.0614866  0.06878058 0.23006719
 0.05952029 0.13223147 0.09509871 0.10121011 0.04360701 0.03597929
 0.06388478 0.02399113 0.03432224 0.03929528]
SMAPE: [ 6.86456412  2.18348989  4.61216479  6.60275327  1.78494565  1.95551225
  1.16093922  2.074813    4.40036516  5.76714579  2.86909723  3.14049865
  1.70113761  1.77335804  5.00880551  2.14288312  5.7323455   1.88057223
  1.20691434  5.8306694   3.46383983  4.474191    2.0074302   1.77450463
  3.98498068  2.69464049  1.6914542   2.35688508  3.48714211  1.49643925
  2.80317929 11.61626664  1.6787088   3.55939482  3.62074949  2.53311794
  2.76373035  2.82577807  3.15427884  2.19427334 15.04271996  1.78311792
  0.81255258  4.89243611  3.27049754  1.79123076  1.46032743  2.29599163
  1.01689077  2.72732694  4.87010752  6.96863351  1.25251807  1.44001894
  5.42336256  1.2691301   1.76309143  3.83023498  1.85181588  2.11620498
  1.76301981  3.46347055  2.12378226  2.3501865   6.07904001  1.76481318
  6.55372038  1.03885244  6.17676305  3.10125047  4.70531162  1.98515178
  1.66539678  1.66314341  2.34401879  3.08432543  2.81864107  2.36763917
  2.86376262  1.26967333  1.01689077  2.52468246  1.59848272  2.17076876
  1.59948686  4.67253908  1.85943065  1.09245882  3.92301628  1.83789586
  4.86973189  1.69364826  1.02675193  3.88708871  1.78273145  2.04765696
  5.07002391  3.59714889  1.37026775  1.89091848  2.83566155  1.90356578
  2.30133424  1.30448947  2.06944637  8.67542343  1.07076792  2.12170361
  2.79581162  2.07566715  8.65392267  2.05322953  1.57660063  3.59306369
  4.05073746  1.59241409  1.596633    4.32821116  3.49440035  1.08778488
  1.79810752  6.77938394  2.0607847   2.35612408  3.08226378  7.09607539
  2.38333588  6.4576479   3.47822293  4.3621986   1.72736018  1.47887408
  2.60140142  0.70706898  1.52271443  1.41556587]