Climate change composed model
RMSE: [0.08569785 0.02162113 0.036569   0.05273349 0.02151112 0.01862814
 0.0148032  0.0281239  0.0392331  0.05043985 0.03182787 0.02259929
 0.02044253 0.02297545 0.0382479  0.02060859 0.05089933 0.02011951
 0.01254349 0.0565203  0.03999199 0.05211127 0.02182518 0.01811288
 0.04340458 0.03386366 0.01851943 0.02117983 0.03703473 0.01866276
 0.03422121 0.09896945 0.01740547 0.03336152 0.0326562  0.02317982
 0.02179843 0.0274043  0.0351253  0.03095251 0.12787301 0.02393679
 0.01138945 0.04012862 0.03554016 0.02203819 0.01497453 0.02222465
 0.01345477 0.02669318 0.04465959 0.06487376 0.01461747 0.01473082
 0.04088221 0.01710958 0.01596415 0.02990491 0.01768434 0.02488449
 0.01781812 0.03117163 0.02606028 0.03448892 0.07917099 0.01467208
 0.06419671 0.01326656 0.06934604 0.02646669 0.04048448 0.01617432
 0.01918303 0.01809864 0.01978018 0.02979489 0.03216239 0.03533844
 0.02817119 0.01307173 0.01345477 0.02595857 0.0177165  0.02472042
 0.01879904 0.03758075 0.02182389 0.01434062 0.0379458  0.01904931
 0.04329595 0.01931359 0.01463914 0.03895605 0.01825404 0.02026283
 0.04574337 0.03466183 0.01419595 0.02122517 0.02903012 0.02091394
 0.02535882 0.01341431 0.02048893 0.06832242 0.01370895 0.02074827
 0.02264186 0.02243331 0.07737062 0.0159574  0.01983788 0.0415338
 0.03947021 0.01730985 0.01917087 0.04155896 0.02814882 0.01095131
 0.02070027 0.06073766 0.02506849 0.02083839 0.02372812 0.08649373
 0.02541641 0.05339311 0.04077785 0.03812903 0.01573945 0.01365404
 0.02530197 0.01043749 0.01355037 0.01477119]
NRMSE: [0.22862339 0.05768052 0.09755821 0.14068159 0.05738703 0.04969587
 0.03949176 0.07502852 0.10466545 0.13456264 0.0849099  0.06029002
 0.05453626 0.06129356 0.10203715 0.05497929 0.13578845 0.05367453
 0.03346332 0.15078396 0.10669001 0.13902164 0.05822487 0.04832127
 0.11579408 0.09034094 0.04940584 0.05650322 0.09880067 0.04978822
 0.09129481 0.26402916 0.04643405 0.08900134 0.08711971 0.06183877
 0.05815351 0.07310875 0.09370673 0.08257461 0.34113762 0.06385818
 0.03038459 0.1070545  0.09481349 0.05879314 0.03994882 0.05929056
 0.03589442 0.07121166 0.11914215 0.17306921 0.03899625 0.03929866
 0.10906491 0.04564468 0.04258891 0.07977985 0.04717801 0.06638647
 0.04753489 0.08315918 0.0695232  0.09200902 0.21121115 0.03914195
 0.17126298 0.03539233 0.18500028 0.07060741 0.10800387 0.04314959
 0.05117619 0.04828328 0.05276925 0.07948635 0.08580234 0.09427535
 0.07515467 0.03487256 0.03589442 0.06925187 0.0472638  0.06594875
 0.05015179 0.10025735 0.05822145 0.03825769 0.10123123 0.05081944
 0.11550426 0.05152449 0.03905407 0.10392635 0.04869785 0.05405687
 0.12203344 0.09247028 0.03787173 0.05662417 0.0774461  0.05579388
 0.06765188 0.0357865  0.05466006 0.18226948 0.03657252 0.05535191
 0.06040359 0.05984724 0.20640815 0.04257089 0.05292318 0.11080322
 0.105298   0.04617895 0.05114374 0.11087035 0.07509498 0.02921573
 0.05522385 0.16203498 0.06687733 0.05559232 0.0633015  0.23074663
 0.0678055  0.1424413  0.10878652 0.10172003 0.04198946 0.03642602
 0.0675002  0.02784498 0.03614947 0.03940634]
SMAPE: [ 6.54117319  2.17426906  4.67753944  6.27867764  1.81394226  2.04357621
  1.077415    2.20310662  3.7506129   5.58439206  2.84196724  2.79188824
  1.60172833  1.87555911  4.32026187  1.95684259  5.40662244  1.6700684
  1.07631297  5.68509743  3.83323295  4.65134545  2.13824124  1.64759047
  3.88664927  3.05305102  1.71362371  2.18441591  3.52607801  1.56713834
  2.81536328 11.09708013  1.74043331  3.49444672  3.2907545   2.26425748
  2.33094516  2.77724814  2.8530272   2.16605258 14.56869783  1.95814589
  0.81413829  4.92361709  3.2368284   1.60577382  1.38661805  2.20721493
  0.99879515  2.71527804  4.67234609  6.97913726  1.27314038  1.26157859
  4.46564613  1.32171619  1.47173056  3.48281899  1.91785669  2.01331359
  1.81966515  3.41122079  2.05340303  2.40628432  5.49476336  1.33548428
  6.38064406  1.13201611  5.87831673  2.79402749  4.45417605  1.93497113
  1.62549819  1.77867135  2.00446974  3.24781495  2.99680225  2.38747357
  2.83139881  1.20565519  0.99879515  2.52277258  1.552026    1.86368483
  1.60140498  4.52685531  1.86516308  1.08456222  3.97543549  1.86362619
  4.91614008  1.76299374  1.19057484  3.51999208  1.80732579  1.83199036
  5.02466427  3.8922773   1.34866293  1.82320932  2.90201304  1.73164909
  2.37488749  1.13597717  1.97789171  8.27806106  1.32959167  1.90481225
  2.37646318  2.14894788  8.80016814  1.66871558  1.53216126  3.80006694
  3.83099042  1.38099511  1.77438144  4.27410355  3.18470872  1.08518345
  1.84002904  6.35446503  2.03838206  1.91131979  2.59441137  6.92545211
  2.49573261  6.50952085  3.77677617  4.14651513  1.50347278  1.35174841
  2.52249116  0.83977595  1.46784357  1.29217901]