Particulate Matter composed model
RMSE: [2.90634346e-10 1.71017968e-10 5.05304031e-10 1.20161339e-09
 4.79252098e-10 1.83704107e-10 2.05871971e-10 3.02656242e-10
 1.18638316e-09 2.19813805e-10 2.86714255e-10 3.43435856e-10
 3.06890820e-10 4.28546054e-10 8.37406678e-10 2.54421440e-10
 3.41374747e-10 3.28474479e-10 3.36880763e-10 4.81850386e-10
 3.91075210e-10 5.42245252e-10 2.66945469e-10 2.15390006e-10
 3.44035866e-10 1.73128971e-10 2.73371750e-10 2.13368761e-10
 2.98692967e-10 2.17081636e-10 6.11927893e-10 6.81080442e-10
 1.87263667e-10 6.10380497e-10 3.08440142e-10 2.85147325e-10
 2.91172407e-10 3.55065294e-10 3.87602501e-10 3.88049048e-10
 1.55979507e-09 2.46555071e-10 1.99387375e-10 2.12239563e-10
 3.02479310e-10 2.53691736e-10 1.77161447e-10 1.92198498e-10
 1.36781352e-10 2.93717877e-10 9.57865924e-10 6.14911051e-10
 2.05009384e-10 1.97816458e-10 6.89236835e-10 2.86263235e-10
 1.80642236e-10 1.99836846e-10 4.06991066e-10 2.37203461e-10
 3.22150454e-10 5.57556363e-10 3.25639757e-10 3.40602325e-10
 9.95815150e-10 2.20032060e-10 5.13338370e-10 2.59332127e-10
 3.22506818e-10 3.46187947e-10 4.45704138e-10 1.82241464e-10
 2.27109519e-10 4.51331550e-10 2.14349796e-10 2.49012329e-10
 4.54107400e-10 3.37557418e-10 2.29165568e-10 1.85993280e-10
 1.36781352e-10 1.47002603e-10 1.74430205e-10 4.28809843e-10
 2.00555852e-10 4.11987347e-10 4.80007913e-10 1.78785795e-10
 2.09148539e-10 3.35451582e-10 3.31291828e-10 3.93870523e-10
 1.92792525e-10 3.72843655e-10 4.10801618e-10 3.12882311e-10
 1.46226502e-10 4.59347902e-10 1.89630248e-10 3.09563934e-10
 3.04405044e-10 2.12550729e-10 4.32027499e-10 1.29673852e-10
 3.65302254e-10 6.17561204e-10 2.62861826e-10 1.59394227e-10
 4.83892689e-10 2.52725026e-10 7.84650795e-10 2.94458953e-10
 1.68443573e-10 6.31248660e-10 4.21852548e-10 2.59803197e-10
 1.69942603e-10 4.12454907e-10 2.39102646e-10 1.94731901e-10
 2.44791515e-10 5.71125735e-10 2.81670333e-10 2.25839202e-10
 2.28001943e-10 3.24375951e-10 2.34880092e-10 6.68239484e-10
 2.31782194e-10 3.84234214e-10 3.39764217e-10 1.79685296e-10
 1.53343368e-10 1.46464773e-10 2.87382939e-10 2.09364175e-10]
NRMSE: [0.05320598 0.03130799 0.09250522 0.21997749 0.08773594 0.03363042
 0.03768866 0.05540681 0.21718932 0.04024097 0.05248833 0.06287227
 0.05618202 0.07845326 0.15330274 0.04657654 0.06249494 0.06013331
 0.06167224 0.0882116  0.07159353 0.09926799 0.04886929 0.03943111
 0.06298211 0.03169445 0.05004574 0.03906109 0.05468126 0.0397408
 0.11202469 0.12468434 0.03428207 0.11174141 0.05646566 0.05220148
 0.05330448 0.06500125 0.07095779 0.07103954 0.28554926 0.04513645
 0.03650154 0.03885437 0.05537442 0.04644295 0.03243267 0.03518548
 0.02504035 0.05377047 0.17535502 0.11257081 0.03753075 0.03621395
 0.12617751 0.05240576 0.03306989 0.03658382 0.07450722 0.04342447
 0.05897558 0.10207098 0.05961436 0.06235354 0.18230233 0.04028093
 0.09397606 0.04747553 0.05904082 0.06337609 0.08159436 0.03336266
 0.04157659 0.08262456 0.03924068 0.0455863  0.08313273 0.06179611
 0.04195298 0.0340495  0.02504035 0.02691154 0.03193267 0.07850155
 0.03671545 0.07542188 0.0878743  0.03273004 0.0382885  0.0614106
 0.06064908 0.07210526 0.03529423 0.06825591 0.07520481 0.05727888
 0.02676946 0.08409211 0.03471531 0.05667139 0.05572696 0.03891133
 0.0790906  0.02373919 0.06687532 0.11305597 0.04812171 0.02918005
 0.08858548 0.04626598 0.1436448  0.05390614 0.0308367  0.11556171
 0.07722789 0.04756177 0.03111113 0.07550748 0.04377215 0.03564927
 0.0448136  0.1045551  0.05156495 0.04134403 0.04173996 0.059383
 0.04299913 0.12233356 0.04243201 0.07034116 0.06220011 0.03289471
 0.02807233 0.02681308 0.05261075 0.03832797]
SMAPE: [ 2.07431426  1.21898409  4.68323634 11.84755874  3.64821875  2.43540445
  1.75233937  2.92477459 11.36277215  2.31533534  1.84208899  3.42772754
  2.15975397  2.45110253  9.72046631  2.81709851  3.54145814  3.57034701
  3.87283099  4.9087555   2.99335234  4.01328259  2.80748105  1.97136173
  2.79318591  1.25664647  2.54840106  1.99974913  2.22984357  2.49768714
  4.89775244  6.05397332  2.36376671  5.24755624  3.79246635  3.04951381
  2.44764726  2.89329881  3.58034373  2.54587955 13.64374294  3.50001021
  1.63975846  2.72952095  3.94250748  1.46917337  1.38155937  2.32698482
  1.29834014  2.47458771 11.73789931  6.39107929  1.58053323  1.7625386
  7.69925661  2.26059139  2.00028635  2.16963796  4.37665985  1.84880877
  3.80587005  5.62462621  3.40158429  2.97114548  6.08847349  2.23810865
  5.14271296  1.94389233  3.53420238  3.66423357  3.33532893  1.75138393
  2.2041486   3.23469046  2.28748328  2.96027688  3.64571486  2.99701895
  2.00886969  1.8856808   1.29834014  1.71683962  1.5377259   3.89584563
  1.76280732  3.00665114  5.10880699  1.99754501  2.0899409   3.35766179
  3.6875001   3.33934234  1.61099938  2.13944615  3.51359984  2.88672364
  1.69203338  4.79587031  1.86151602  2.82569867  2.46129632  1.80081344
  3.74066169  1.28439951  3.03213182  5.54227759  3.05909606  1.49102761
  6.20416566  2.47075332 10.14198284  3.28433006  2.02808213  4.27476633
  4.29344251  2.37781495  1.90343857  5.85623719  3.05672299  1.9400539
  2.63776591  4.92689905  1.68096535  1.55023899  2.74317979  2.82582998
  1.91041169  9.353687    1.43205423  4.39883522  2.75972413  1.82780815
  1.59044956  1.32860666  2.57466962  2.38791222]