respiratory effects, inorganics composed model
RMSE: [1.96007591e-10 2.25260996e-10 3.24494878e-10 8.21957106e-10
 2.25473173e-10 7.97920090e-11 2.09083034e-10 2.89362706e-10
 1.13857547e-09 1.91770796e-10 1.96655340e-10 4.67129731e-10
 2.35141148e-10 3.24433979e-10 8.13215655e-10 2.51033449e-10
 2.47323478e-10 2.41567519e-10 6.80165397e-10 3.25396231e-10
 1.90802681e-10 3.25733364e-10 1.63069215e-10 1.91167711e-10
 3.20729476e-10 1.69769905e-10 2.15713376e-10 2.60833917e-10
 3.36452278e-10 2.56934394e-10 4.36736559e-10 7.87515742e-10
 2.06813075e-10 4.94130731e-10 2.25748026e-10 3.01074162e-10
 2.85093336e-10 3.09910940e-10 4.94070153e-10 2.84932999e-10
 1.32212634e-09 1.37195756e-10 1.43509168e-10 1.85659156e-10
 3.62235469e-10 2.00175111e-10 1.30051480e-10 1.24022090e-10
 1.12834074e-10 2.91614180e-10 6.33595277e-10 5.56590865e-10
 1.16636925e-10 1.99975876e-10 1.07332421e-09 3.17530144e-10
 2.46500863e-10 2.79344028e-10 4.54803365e-10 1.74163821e-10
 2.57640183e-10 4.26962658e-10 2.33142733e-10 2.60506169e-10
 1.26671790e-09 2.26710891e-10 5.11113949e-10 2.90500526e-10
 2.79972686e-10 2.32207860e-10 3.46248066e-10 1.68235527e-10
 2.03784496e-10 2.38330029e-10 2.66034052e-10 2.52743521e-10
 3.08174627e-10 3.10780973e-10 3.06175461e-10 2.21432941e-10
 1.12834074e-10 1.18141154e-10 4.13689175e-10 4.01028932e-10
 1.11256379e-10 3.75269146e-10 2.88862778e-10 1.27061280e-10
 1.95679245e-10 2.43568928e-10 1.30299716e-10 1.97921446e-10
 3.09516878e-10 2.44822146e-10 3.26722298e-10 3.64397724e-10
 2.76510050e-10 5.04416849e-10 2.13199324e-10 2.28650215e-10
 2.82296918e-10 2.89220365e-10 3.81028577e-10 1.74480190e-10
 3.75622680e-10 5.71687573e-10 1.63874667e-10 2.29897703e-10
 3.55837624e-10 1.32207407e-10 7.00274749e-10 2.61130972e-10
 2.07091775e-10 2.66493983e-10 3.27578980e-10 2.22443677e-10
 3.36313142e-10 2.85743527e-10 3.65082331e-10 1.23030578e-10
 2.52588062e-10 5.67250131e-10 2.37455109e-10 2.28790266e-10
 6.65945380e-10 3.72084570e-10 1.52804570e-10 2.21306933e-10
 1.87177229e-10 3.92475351e-10 2.86958424e-10 1.80214411e-10
 1.02545435e-10 2.50465272e-10 3.69024771e-10 1.91536295e-10]
NRMSE: [0.03199157 0.03676619 0.05296275 0.13415652 0.03680082 0.01302333
 0.03412569 0.04722861 0.1858337  0.03130006 0.03209729 0.07624303
 0.03837879 0.05295281 0.13272978 0.04097267 0.04036714 0.03942768
 0.11101385 0.05310986 0.03114204 0.05316489 0.0266155  0.03120162
 0.05234817 0.02770916 0.03520787 0.04257226 0.05491438 0.0419358
 0.07128238 0.12853514 0.0337552  0.08065003 0.03684568 0.04914011
 0.04653178 0.05058241 0.08064014 0.04650562 0.21579213 0.02239254
 0.02342299 0.03030254 0.05912261 0.03267177 0.02122648 0.02024239
 0.01841632 0.04759609 0.10341287 0.09084452 0.01903701 0.03263926
 0.17518365 0.05182599 0.04023288 0.04559341 0.07423117 0.02842632
 0.04205099 0.06968712 0.03805262 0.04251877 0.20674859 0.03700284
 0.08342196 0.04741432 0.04569601 0.03790003 0.05651321 0.02745872
 0.03326088 0.03889927 0.04342101 0.04125178 0.05029902 0.05072442
 0.04997272 0.03614139 0.01841632 0.01928252 0.06752068 0.06545433
 0.01815882 0.06124992 0.04714702 0.02073843 0.03193798 0.03975434
 0.02126699 0.03230394 0.0505181  0.03995888 0.0533263  0.05947553
 0.04513086 0.08232888 0.03479753 0.03731937 0.04607536 0.04720538
 0.06218995 0.02847795 0.06130762 0.09330854 0.02674696 0.03752298
 0.05807838 0.02157836 0.11429602 0.04262074 0.03380068 0.04349607
 0.05346612 0.03630636 0.05489168 0.04663791 0.05958727 0.02008055
 0.04122641 0.09258428 0.03875647 0.03734222 0.10869292 0.06073014
 0.02494015 0.03612083 0.03055031 0.06405824 0.0468362  0.02941387
 0.01673705 0.04087993 0.06023074 0.03126178]
SMAPE: [ 1.4783797   1.73726444  3.17801257  9.064986    1.91352701  0.82790711
  2.64611764  2.91263509 11.52722086  2.11108464  1.36107709  6.43546655
  1.87456184  1.92152565  9.47285955  3.31997856  2.77185382  2.20905832
  6.67487572  3.87857641  1.58987057  2.74865893  1.53801811  2.15094572
  2.64325825  1.58581327  2.01984512  2.61504816  3.1400434   2.9754554
  4.25224329  7.71288582  3.17417142  4.59403241  3.51781633  3.40211409
  3.77161274  2.84013859  4.40335878  2.5617796  12.13077232  1.96952985
  1.46541885  2.22963365  4.73770117  1.66850075  1.22513472  1.76918306
  1.32791162  2.844282    5.98220817  5.69190421  1.18372317  2.01442222
 14.17287246  2.61797306  2.70581697  2.57316144  4.80362193  1.61357265
  3.44626308  5.48354306  2.0514305   1.76305054  8.70773938  2.50553667
  6.19372839  3.33429724  3.21518824  2.85273068  3.63009726  1.29003489
  2.38620759  2.3183933   2.63246752  3.22465402  3.0447871   2.46280876
  3.53670221  2.16585686  1.32791162  1.34067739  4.95176121  4.53629016
  1.43516961  3.96258223  2.76123921  1.7302436   2.15183211  3.08153098
  1.3780778   1.81372328  2.10903746  1.9630292   3.02679177  4.3756085
  3.5766312   5.55024096  1.74170356  2.53426235  2.38657709  2.85256762
  3.86106854  1.70548617  3.68029629  6.15603133  1.45589392  2.48176104
  5.06628621  1.66660893  6.91874946  3.31464588  2.6456832   2.42872079
  3.66344328  2.33639181  5.02608013  4.25303024  4.83192334  1.54038941
  2.47987096  5.70234205  1.88657555  1.78953916  8.70454927  3.11929566
  1.3875248   2.71190262  1.34516651  3.73796307  2.88945425  2.08760816
  1.15939993  2.09368799  3.33045118  2.14591665]