Climate change composed model
RMSE: [0.07441243 0.0167774  0.0370013  0.02975345 0.03469932 0.01366741
 0.01328987 0.0183504  0.03474977 0.07111853 0.03597212 0.01671562
 0.01547687 0.03268105 0.04054642 0.03397276 0.05856682 0.02167616
 0.02829419 0.04676309 0.03259312 0.04421583 0.02049835 0.01956263
 0.02848203 0.0296402  0.0248962  0.0213206  0.02180129 0.01945237
 0.03301029 0.07929594 0.039825   0.02621215 0.05504355 0.02150281
 0.01840752 0.0441027  0.03939421 0.01992337 0.08546557 0.02944141
 0.01639706 0.04600694 0.0251329  0.02995876 0.01290583 0.02657793
 0.01105637 0.02796525 0.04565402 0.04309206 0.01128947 0.01198208
 0.04408664 0.02019488 0.02851562 0.02775643 0.01839307 0.0321957
 0.01773925 0.01786651 0.02575682 0.02688772 0.0749259  0.01597368
 0.05555391 0.02756531 0.06936606 0.01435586 0.03769841 0.01962982
 0.02387657 0.02836797 0.02034268 0.02390962 0.01370759 0.03209493
 0.03547633 0.01328795 0.01105637 0.01934153 0.01773467 0.0264567
 0.0132884  0.03899528 0.01672811 0.019976   0.03076953 0.01250387
 0.03663701 0.01780739 0.00837072 0.03181298 0.02583661 0.02338544
 0.04128915 0.02712138 0.01894982 0.02438233 0.0139756  0.01685272
 0.02087196 0.01314805 0.01775581 0.07717312 0.01818586 0.02721704
 0.01600839 0.02118061 0.05283878 0.01544461 0.01636702 0.03523857
 0.04892052 0.02050346 0.01877598 0.02080094 0.0211986  0.02827399
 0.02275188 0.04406973 0.01787774 0.04000619 0.02255223 0.04457239
 0.02547641 0.03949169 0.02388961 0.01728421 0.01125058 0.01452556
 0.02777646 0.015702   0.01733896 0.02383864]
NRMSE: [0.19851633 0.04475849 0.0987115  0.07937578 0.0925703  0.03646169
 0.03545451 0.0489549  0.0927049  0.18972892 0.09596586 0.04459368
 0.04128895 0.08718599 0.10816912 0.09063201 0.15624364 0.05782732
 0.07548279 0.12475385 0.08695143 0.11795832 0.05468517 0.05218888
 0.0759839  0.07907367 0.0664177  0.05687876 0.05816114 0.05189474
 0.08806433 0.21154449 0.10624451 0.06992836 0.14684433 0.05736487
 0.04910728 0.11765651 0.10509527 0.05315127 0.22800372 0.07854334
 0.04374382 0.12273661 0.06704915 0.07992351 0.03442997 0.07090419
 0.02949602 0.07460525 0.1217951  0.11496032 0.03011788 0.0319656
 0.11761366 0.05387558 0.07607352 0.07404817 0.04906875 0.08589119
 0.04732448 0.047664   0.06871366 0.07173065 0.19988616 0.04261433
 0.14820585 0.0735383  0.18505369 0.03829834 0.10057124 0.05236813
 0.06369753 0.07567964 0.05426988 0.0637857  0.03656888 0.08562234
 0.0946432  0.03544939 0.02949602 0.05159905 0.04731227 0.07058077
 0.03545058 0.10403099 0.04462699 0.05329166 0.08208647 0.03335762
 0.09773965 0.04750627 0.02233127 0.08487018 0.0689265  0.0623873
 0.11015055 0.07235399 0.05055403 0.0650468  0.03728389 0.04495942
 0.05568188 0.03507616 0.04736867 0.20588126 0.04851594 0.07260921
 0.04270694 0.05650529 0.14096248 0.04120289 0.04366368 0.09400892
 0.13050941 0.05469881 0.05009026 0.05549243 0.05655328 0.07542891
 0.06069712 0.11756853 0.04769396 0.1067279  0.0601645  0.11890952
 0.06796558 0.10535533 0.06373233 0.04611054 0.03001413 0.03875108
 0.0741016  0.04188954 0.04625661 0.06359635]
SMAPE: [ 5.6428641   1.68609863  4.70048776  2.95892439  3.16366858  1.37951804
  1.15407065  1.35916786  3.25772705  8.16491968  3.205823    2.06361093
  1.23717599  2.7382272   5.21310271  3.79704243  6.22070203  1.93580185
  2.45488705  4.67920093  2.85416848  2.8834727   1.96510663  1.39848555
  2.50317788  2.26389806  2.32685987  1.97076264  1.95095653  1.30950552
  2.69268706  9.00846647  4.52961306  2.51859251  6.12356501  2.26616272
  2.29863645  4.14085597  3.40165556  1.80507734 10.12559858  2.80009873
  1.34602703  5.67667911  2.11660862  2.58514502  0.93457907  2.88141144
  0.93393771  2.91173271  4.53076026  4.43017386  0.90795139  1.05706422
  4.53134949  1.42714202  2.64272413  3.35398677  1.91547372  2.36719582
  1.79603063  1.76586342  2.09693561  2.14215651  5.21140442  1.48043825
  5.4095073   2.60037879  5.65209195  1.32403407  3.81778532  2.03046019
  2.12156149  2.74908046  2.33516164  2.39059883  1.12782492  2.0649969
  3.57076851  1.12631148  0.93393771  2.09532577  1.44104979  1.77016852
  1.18601513  4.75363933  1.30271826  1.90899873  3.15008224  1.05683851
  4.02834872  1.63077303  0.66058377  2.56072301  2.37108157  2.06824217
  4.46282897  2.60885016  1.84148715  2.35113434  1.20549452  1.36126362
  1.82074505  1.05119933  1.77339619  9.24284685  1.79877206  2.62898838
  1.80328509  1.99170518  5.60713291  1.67518955  1.34494521  3.16529972
  5.17484764  1.55397727  1.63445933  1.59863694  2.09869288  3.0055528
  2.38066494  4.40223664  1.34965558  4.05657153  2.53882187  3.4770716
  2.66425323  4.63061448  2.07655983  1.69724751  1.05880115  1.523807
  2.93867963  1.12119924  1.89346806  2.53906708]