climate change total composed model
RMSE: [0.08011943 0.0164833  0.0374091  0.03330907 0.03606682 0.01450409
 0.01434395 0.01838649 0.03926318 0.07433577 0.03748793 0.02039184
 0.01660279 0.03641558 0.04509185 0.03739012 0.06202321 0.02206655
 0.02947756 0.04959128 0.03313967 0.04564071 0.01976764 0.0187749
 0.03044083 0.02986835 0.02472826 0.02198797 0.02083788 0.01942097
 0.03487132 0.08586656 0.04168873 0.02851405 0.05690791 0.02388937
 0.02190343 0.04786588 0.04489467 0.02013541 0.09240762 0.02979799
 0.01510589 0.04819326 0.02644976 0.03335014 0.01365814 0.02598393
 0.01137709 0.03184813 0.05010985 0.04507444 0.01089073 0.01220934
 0.05484947 0.01639273 0.03060268 0.02975698 0.01976446 0.03368779
 0.01832029 0.01946661 0.02685719 0.02810863 0.08081146 0.01717982
 0.05846762 0.02816429 0.0743898  0.01824679 0.04132259 0.0207615
 0.02490992 0.02923395 0.02542056 0.02514974 0.01606173 0.03306806
 0.03701587 0.01575684 0.01137709 0.02181103 0.01855339 0.02800265
 0.01404487 0.04190667 0.01802536 0.01827082 0.03308292 0.01374758
 0.03819418 0.01916118 0.00793454 0.03555045 0.02639171 0.02529207
 0.04259456 0.02745151 0.02040245 0.02692232 0.01484682 0.0187415
 0.02267522 0.01256514 0.01974092 0.08568672 0.01713227 0.03042245
 0.01674472 0.02216436 0.05469693 0.01743487 0.01739838 0.03580499
 0.0529336  0.0235205  0.02214039 0.02125492 0.02293169 0.0308998
 0.02348315 0.04947311 0.01902298 0.044584   0.02707312 0.05328199
 0.02636664 0.04151363 0.02354468 0.01925645 0.01036265 0.01635163
 0.03002781 0.01638301 0.01851848 0.02597681]
NRMSE: [0.19121516 0.03933948 0.08928156 0.07949632 0.08607803 0.03461585
 0.03423366 0.04388169 0.09370655 0.17741173 0.08946969 0.0486677
 0.03962465 0.08691039 0.1076174  0.08923625 0.14802625 0.05266462
 0.07035194 0.11835587 0.07909202 0.10892734 0.04717797 0.04480867
 0.07265089 0.07128459 0.05901713 0.05247707 0.04973224 0.04635059
 0.08322482 0.20493142 0.09949542 0.0680524  0.13581794 0.05701501
 0.05227531 0.11423799 0.10714681 0.0480557  0.22054247 0.07111668
 0.03605212 0.11501931 0.06312571 0.07959434 0.03259688 0.06201394
 0.02715287 0.07600959 0.1195935  0.10757587 0.02599211 0.02913914
 0.13090519 0.03912333 0.07303717 0.07101879 0.04717039 0.08040017
 0.0437237  0.04645953 0.06409807 0.0670848  0.19286679 0.04100182
 0.13954038 0.06721764 0.17754066 0.04354826 0.09862159 0.04954994
 0.05945067 0.06977052 0.06066938 0.06002304 0.03833336 0.0789211
 0.08834305 0.03760569 0.02715287 0.05205479 0.04428    0.06683188
 0.03351986 0.10001557 0.0430198  0.04360563 0.07895658 0.03281035
 0.09115525 0.04573058 0.01893678 0.08484565 0.06298715 0.06036274
 0.10165731 0.06551651 0.04869303 0.06425352 0.03543382 0.04472897
 0.05411729 0.02998829 0.04711422 0.20450219 0.04088834 0.07260703
 0.03996339 0.05289806 0.13054114 0.04161052 0.04152345 0.08545315
 0.12633273 0.05613465 0.05284085 0.05072756 0.05472938 0.07374629
 0.05604552 0.11807384 0.04540076 0.10640535 0.06461342 0.12716421
 0.06292733 0.09907754 0.05619236 0.04595796 0.02473178 0.03902524
 0.07166518 0.03910013 0.04419669 0.06199694]
SMAPE: [ 5.81043593  1.52885508  4.60778077  3.01568881  3.06679421  1.44230102
  1.20642346  1.36163123  3.63508448  8.26185573  3.20316001  2.34075455
  1.29866604  2.8953967   5.33798592  3.97098203  6.42544841  1.85803355
  2.45175493  4.78174319  2.72610803  2.86166636  1.79287276  1.17314155
  2.60358067  2.04545832  2.27828359  1.99200078  1.68785049  1.36900225
  2.72616033  9.4539706   4.52549999  2.49337291  6.23524959  2.42581206
  2.53849172  4.45170799  3.68564447  1.70780106 10.53972938  2.66086692
  1.2113717   5.68211322  2.08225886  2.79225344  1.00183327  2.68373833
  0.9405655   3.12661886  4.75312029  4.47187602  0.83504866  1.13337642
  5.3291824   1.01728796  2.65049848  3.56472365  1.98456983  2.4503673
  1.78578541  1.80112172  2.05107524  2.12850649  5.3748565   1.4354824
  5.49574011  2.54351612  5.86489384  1.58352353  4.10176148  2.13060668
  2.15144886  2.68642105  2.83170646  2.3957305   1.36445739  2.11760522
  3.58124399  1.23133335  0.9405655   2.31634182  1.47097055  1.87675895
  1.21346793  4.91407552  1.3924255   1.68619019  3.17190226  1.09097078
  4.01127936  1.63654444  0.58741503  2.77443364  2.29936009  2.20345969
  4.38094656  2.54599946  1.95824917  2.42027552  1.1589916   1.47884154
  1.75989496  0.99413129  1.75881545  9.76020237  1.61330005  2.78868705
  1.7155486   2.06675171  5.46914174  1.73365632  1.39643888  3.13656159
  5.3950594   1.72883988  1.85476303  1.68455765  2.22292382  3.12211301
  2.3035058   4.73257727  1.4510389   4.18252691  2.95065692  3.89475654
  2.57594248  4.65715524  1.94815994  1.82031113  0.88949928  1.71630756
  3.10923364  1.13648413  1.87210788  2.6848889 ]