Particulate Matter composed model
RMSE: [3.15745609e-10 1.54898372e-10 5.61310206e-10 7.73503123e-10
 4.97679068e-10 1.20985662e-10 2.28212316e-10 2.32496991e-10
 9.15072817e-10 3.76298743e-10 3.04507404e-10 2.65619099e-10
 2.93492787e-10 5.71258178e-10 8.79503464e-10 4.24075024e-10
 3.88874256e-10 3.68712626e-10 1.73511715e-10 3.93007698e-10
 2.75639563e-10 4.89398637e-10 2.05833412e-10 3.47887956e-10
 2.35234801e-10 2.88982870e-10 2.74024607e-10 1.84083138e-10
 2.03930909e-10 4.40761307e-10 4.53037920e-10 6.57385570e-10
 3.43387850e-10 4.96552096e-10 4.28824155e-10 2.31688653e-10
 3.30373403e-10 4.68321289e-10 2.84311270e-10 3.01011826e-10
 8.80057321e-10 4.43623456e-10 1.93673129e-10 3.88028757e-10
 2.16094877e-10 3.46280384e-10 1.48602439e-10 1.81564159e-10
 1.53418121e-10 3.50831510e-10 1.06221526e-09 4.27537374e-10
 1.53042538e-10 1.34714098e-10 8.23274799e-10 3.32055170e-10
 2.17819941e-10 2.03611241e-10 2.96978317e-10 3.00179328e-10
 1.41858404e-10 3.35704931e-10 3.71098053e-10 2.52897287e-10
 9.08460416e-10 2.57513697e-10 5.72432340e-10 2.97318528e-10
 3.04016923e-10 2.65417297e-10 3.31519263e-10 2.01742941e-10
 2.52716301e-10 3.91470817e-10 2.74346461e-10 2.54241930e-10
 1.57304715e-10 3.89960420e-10 2.63731604e-10 1.24512629e-10
 1.53418121e-10 2.86319240e-10 2.38773367e-10 2.31349831e-10
 1.72270639e-10 3.59835103e-10 3.28148478e-10 1.80856956e-10
 3.04464690e-10 2.66637644e-10 3.55942204e-10 2.71301836e-10
 1.56253281e-10 3.08240446e-10 4.66873870e-10 3.68663215e-10
 1.88650405e-10 4.26425592e-10 4.06960906e-10 3.19999704e-10
 2.51071864e-10 1.97667648e-10 3.09266795e-10 1.57340672e-10
 3.27376110e-10 7.34309610e-10 2.92558468e-10 3.00126690e-10
 3.90327519e-10 2.69496382e-10 5.40146354e-10 2.59640683e-10
 3.42652330e-10 5.26766919e-10 3.88789282e-10 2.32531600e-10
 2.71075835e-10 1.46118131e-10 2.14956728e-10 4.22001815e-10
 1.75027770e-10 3.78743446e-10 2.83384181e-10 2.73897305e-10
 2.75923924e-10 3.09497603e-10 2.95284763e-10 5.18035323e-10
 1.54313688e-10 1.68772717e-10 1.48210708e-10 1.78380942e-10
 1.60095661e-10 2.16103871e-10 2.16623291e-10 1.94919168e-10]
NRMSE: [0.05780306 0.028357   0.10275819 0.14160401 0.09110933 0.02214866
 0.04177847 0.04256286 0.16752096 0.06888843 0.0557457  0.04862648
 0.05372927 0.10457935 0.16100933 0.07763475 0.0711906  0.06749965
 0.03176452 0.07194731 0.05046091 0.08959345 0.0376816  0.06368731
 0.04306407 0.05290364 0.05016526 0.03369981 0.03733331 0.08068949
 0.08293695 0.12034655 0.06286348 0.09090302 0.07850417 0.04241488
 0.06048094 0.08573485 0.05204842 0.05510577 0.16111072 0.08121346
 0.03545544 0.07103582 0.03956015 0.06339301 0.02720442 0.03323867
 0.02808602 0.06422618 0.19445809 0.0782686  0.02801726 0.0246619
 0.15071564 0.06078882 0.03987596 0.03727479 0.05436736 0.05495336
 0.0259698  0.06145698 0.06793634 0.04629751 0.16631043 0.04714263
 0.1047943  0.05442964 0.0556559  0.04858953 0.06069072 0.03693277
 0.04626438 0.07166595 0.05022418 0.04654367 0.02879753 0.07138945
 0.04828093 0.02279433 0.02808602 0.05241602 0.04371187 0.04235285
 0.03153732 0.06587445 0.06007363 0.0331092  0.05573788 0.04881294
 0.06516179 0.0496668  0.02860504 0.0564291  0.08546987 0.0674906
 0.03453594 0.07806507 0.0745017  0.05858185 0.04596334 0.03618671
 0.05661699 0.02880411 0.05993224 0.13442892 0.05355822 0.05494373
 0.07145665 0.04933628 0.09888375 0.04753202 0.06272883 0.0964344
 0.07117505 0.0425692  0.04962543 0.02674962 0.03935179 0.07725522
 0.03204206 0.06933597 0.0518787  0.05014195 0.05051296 0.05665924
 0.05405732 0.09483592 0.02824997 0.03089696 0.0271327  0.03265592
 0.02930846 0.0395618  0.03965689 0.03568355]
SMAPE: [ 2.06713753  1.24322871  5.3738781   6.77908088  3.8492851   1.54415309
  2.2234804   2.09726002  8.29223623  4.15107888  1.99422908  2.74154956
  2.41639722  3.26379718 10.00223203  4.80153399  4.50975618  4.31231899
  1.76811187  3.94783884  2.06944364  2.91088254  1.97494796  3.36793342
  1.95007287  2.48174038  2.36749669  1.50286899  1.57351102  5.5764928
  3.51716928  5.78856054  4.78928212  4.04769108  4.78282268  2.30934309
  2.87620006  3.54649475  2.32513186  1.98521777  7.90696673  6.53444578
  1.6376938   5.17099803  2.82968388  2.26981544  1.23505241  2.31141395
  1.40699012  2.74454396 13.07452051  3.44835312  1.19907867  1.3369271
  9.09495894  2.73525121  2.19473664  1.93922508  2.9341394   1.99813527
  1.57826176  3.08703125  3.78061392  1.94659606  5.53040963  2.5748924
  5.76293738  2.09961901  2.80099405  2.60336684  2.37779327  1.65058559
  2.52268819  2.90901599  2.71633932  2.86795072  1.13180511  3.40970458
  2.21711791  1.37255425  1.40699012  3.83926368  2.15643604  1.80103844
  1.61457694  2.45716899  3.30149893  1.89668333  3.07467459  2.69118451
  3.68697654  2.08787586  1.36464825  1.86213848  4.00981182  3.41989373
  1.86983323  4.10955014  4.62056598  2.87415721  1.99627347  1.64784077
  2.65957139  1.57569668  2.715063    6.48108745  3.33837874  2.72654542
  5.00633797  2.50537719  6.60513174  2.9928512   4.11201999  3.51164906
  3.8095829   2.20942829  3.32739352  1.80928658  2.40117896  4.18653096
  1.66624402  3.06155289  1.73132845  2.06430411  3.37946234  2.72165849
  2.46736272  6.99153901  1.19156     1.62458028  1.24708754  1.8932421
  1.7804563   2.03152587  1.88464299  1.91354176]