respiratory effects, inorganics composed model
RMSE: [1.94818598e-10 1.83148571e-10 2.90024098e-10 4.59184196e-10
 3.10885387e-10 8.31225738e-11 2.38725056e-10 2.53423725e-10
 9.29733239e-10 1.98239047e-10 2.23627248e-10 2.60150160e-10
 2.09578705e-10 4.84928657e-10 5.85890728e-10 4.21114216e-10
 1.83928431e-10 2.15539260e-10 5.93100502e-10 2.40102368e-10
 1.67838395e-10 3.12100937e-10 1.71968099e-10 2.94862282e-10
 2.01480901e-10 2.17570561e-10 2.31136008e-10 2.83462139e-10
 3.06705659e-10 2.82331461e-10 3.26181854e-10 7.03432489e-10
 2.74504503e-10 4.85125797e-10 2.25181775e-10 3.15202184e-10
 3.28053441e-10 4.70136607e-10 4.76683401e-10 2.16663855e-10
 7.31818404e-10 3.01322029e-10 1.30243490e-10 2.23025548e-10
 2.61888411e-10 2.33222836e-10 1.10259451e-10 9.90753559e-11
 1.09013209e-10 2.80896649e-10 5.71571666e-10 3.48194646e-10
 1.17049427e-10 1.19740011e-10 1.06739752e-09 3.27966719e-10
 2.26323676e-10 3.58275462e-10 4.38150320e-10 2.33392265e-10
 1.19260779e-10 2.36406548e-10 2.10924257e-10 2.34327385e-10
 9.66077047e-10 2.34690027e-10 4.77385554e-10 2.96988365e-10
 2.80670232e-10 2.13903967e-10 3.51781577e-10 1.61336517e-10
 2.73931148e-10 2.71506401e-10 2.90238932e-10 3.15508475e-10
 2.71068424e-10 2.29800829e-10 3.06682128e-10 2.37390115e-10
 1.09013209e-10 1.05822117e-10 3.85155106e-10 1.99327794e-10
 8.47711697e-11 3.80415955e-10 2.65443273e-10 1.31490630e-10
 1.58598098e-10 2.58718111e-10 2.52153020e-10 1.55334562e-10
 3.29038290e-10 2.15761553e-10 5.07852744e-10 3.72302490e-10
 2.82543508e-10 4.34717894e-10 4.15148720e-10 1.43854514e-10
 2.07198562e-10 2.08322821e-10 2.44886275e-10 1.32022344e-10
 3.35442638e-10 6.98987885e-10 1.77309870e-10 2.93115338e-10
 2.90733944e-10 2.14270162e-10 7.00126679e-10 2.05649637e-10
 2.06739546e-10 2.70899663e-10 3.06453271e-10 2.21791263e-10
 3.44978629e-10 1.54711710e-10 2.26164719e-10 2.65326823e-10
 2.81178264e-10 3.76385808e-10 2.40591640e-10 4.31371227e-10
 6.51890188e-10 4.96876458e-10 1.96775432e-10 2.14285914e-10
 1.34110516e-10 2.93989465e-10 1.18448662e-10 2.42513272e-10
 1.92518259e-10 1.93073264e-10 2.39054947e-10 2.70052557e-10]
NRMSE: [0.03179751 0.02989277 0.04733656 0.07494619 0.05074146 0.01356693
 0.03896374 0.0413628  0.15174731 0.03235578 0.03649954 0.04246066
 0.03420659 0.0791481  0.09562672 0.06873256 0.03002006 0.03517945
 0.09680347 0.03918854 0.02739391 0.05093986 0.02806794 0.04812623
 0.0328849  0.03551099 0.03772509 0.04626555 0.05005926 0.046081
 0.05323809 0.11481141 0.04480352 0.07918028 0.03675326 0.05144603
 0.05354356 0.0767338  0.07780234 0.035363   0.11944445 0.04918057
 0.02125782 0.03640133 0.04274437 0.03806569 0.0179961  0.01617068
 0.0177927  0.04584682 0.09328962 0.05683093 0.01910434 0.01954348
 0.17421632 0.05352941 0.03693964 0.05847628 0.07151313 0.03809334
 0.01946526 0.03858532 0.03442621 0.03824597 0.1576792  0.03830516
 0.07791695 0.04847324 0.04580986 0.03491254 0.05741637 0.0263327
 0.04470994 0.04431418 0.04737163 0.05149602 0.0442427  0.03750716
 0.05005542 0.03874586 0.0177927  0.01727186 0.06286346 0.03253348
 0.01383601 0.06208996 0.04332458 0.02146137 0.02588574 0.04222693
 0.0411554  0.02535308 0.0537043  0.03521573 0.08288968 0.06076571
 0.04611561 0.0709529  0.0677589  0.02347935 0.03381811 0.03400161
 0.03996935 0.02154815 0.05474959 0.11408598 0.0289398  0.0478411
 0.04745242 0.03497231 0.11427185 0.0335653  0.0337432  0.04421515
 0.05001807 0.03619988 0.05630602 0.02525142 0.03691369 0.04330557
 0.04589278 0.06143217 0.0392684  0.07040667 0.10639889 0.08109817
 0.03211689 0.03497488 0.02188898 0.04798378 0.01933271 0.03958204
 0.03142205 0.03151264 0.03901758 0.04407689]
SMAPE: [ 1.41814245  1.45862889  2.80112042  4.26305253  2.73823823  0.96815714
  3.08803534  2.53280542  9.09411895  2.21587882  1.57878971  3.54533627
  1.86093109  3.16247382  7.18882168  5.59348275  2.00703807  2.56315566
  6.0898499   2.66167001  1.64931517  2.27499067  1.52924268  3.07116196
  1.50884467  2.10809367  2.46181867  2.89353826  2.92825747  3.57249566
  3.0604532   6.93594317  4.41488408  4.51762241  3.60338262  3.88578039
  4.2878593   4.05583702  4.18089986  1.87969251  6.89625764  4.27221089
  1.26060256  2.71719891  3.13006348  1.90025339  1.0242011   1.36839491
  1.11157975  2.60460688  5.16009872  3.53188812  1.00661265  1.12038201
 13.31329626  2.74620584  2.16913549  3.62994819  4.47368483  2.40480655
  1.39885142  2.91034204  2.09383302  1.61436532  6.4337173   2.23218488
  5.56010393  3.0377151   3.22457092  2.52976653  3.77030509  1.32451707
  3.17050037  2.30802647  2.9351063   4.06095999  2.18115372  1.90519507
  3.51208651  2.29295246  1.11157975  1.16022818  4.48407345  2.05338345
  0.97400347  3.83917335  2.86668026  1.63197153  1.77510436  2.92713504
  2.40644531  1.27360203  1.98798236  1.70161321  4.91064192  4.07020907
  3.24192432  4.68058506  3.63760948  1.77821238  1.91327504  2.09731518
  2.41352513  1.48329077  3.23084283  7.44786369  1.74332232  3.1029819
  3.81360086  2.67600896  6.78929688  2.57452182  2.52272116  2.21230864
  3.82801706  2.16115366  5.2008415   2.11987947  2.72318247  3.18725388
  2.89620771  3.62470935  1.9064356   3.66104477  8.73065531  4.94474997
  1.72422069  2.46382548  1.26844156  2.74297059  1.12057163  2.51174543
  2.34495982  1.57791279  2.12341183  3.37353165]